Hello world
Hello world
Hello world
Hello world
Hello world
Hello world
Hello world
Hello world
Hello world
Hello world
Hello world
Hello world
Hello world
Hello world
Hello world
Hello world
Hello world
Hello world
Hello world
Hello world
Hello world
Hello world
Hello world
Hello world
Hello world
Hello world
Hello world
Hello world
Hello world
Hello world
Hello world
Hello world
Hello world
Hello world
Hello world
Hello world
Hello world
Hello world
Hello world
Hello world
Hello world
Hello world
Hello world
Hello world
Hello world
Hello world
Hello world
Hello world
Hello world
Hello world
Hello world
Hello world
Hello world
Hello world
Hello world
Hello world
Hello world
Hello world
Hello world
Hello world
Hello world
Hello world
Hello world
Hello world
Hello world
Hello world
Hello world
Hello world
Hello world
Hello world
Hello world
Hello world
Hello world
Hello world
Hello world
Hello world
Hello world
Hello world
Hello world
Hello world
Hello world
Hello world
Hello world
Hello world
Hello world
Hello world
Hello world
Hello world
Hello world
Hello world
Hello world
Hello world
Hello world
Hello world
Hello world
Hello world
Hello world
Hello world
Hello world
Hello world
Hello world
Hello world
Hello world
Hello world
Hello world
Hello world
Hello world
Hello world
Hello world
Hello world
Hello world
Hello world
Hello world
Hello world
Hello world
Hello world
Hello world
Hello world
Hello world
Hello world
Hello world
Hello world
Hello world
Hello world
Hello world
Hello world
Hello world
Hello world
Hello world
Hello world
Hello world
Hello world
Hello world
Hello world
Hello world
Hello world
Hello world
Hello world
Hello world
Hello world
Hello world
Hello world
Hello world
Hello world
Hello world
Hello world
Hello world
Hello world
Hello world
Hello world
Hello world
Hello world
Hello world
Hello world
Hello world
Hello world
Hello world
Hello world
Hello world
Hello world
Hello world
Hello world
Hello world
Hello world
Hello world
Hello world
Hello world
Hello world
Hello world
Hello world
Hello world
Hello world
Hello world
Hello world
Hello world
Hello world
Hello world
Hello world
Hello world
Hello world
Hello world
Hello world
Hello world
Hello world
Hello world
Hello world
Hello world
Hello world
2022-03-04 11:22:19.875741 /data/tweets_corona/geoTwitter19-10-01.zip geoTwitter19-10-01/geoTwitter19-10-01_00:00
2022-03-04 11:22:36.448236 /data/tweets_corona/geoTwitter19-10-01.zip geoTwitter19-10-01/geoTwitter19-10-01_01:00
2022-03-04 11:22:52.567419 /data/tweets_corona/geoTwitter19-10-01.zip geoTwitter19-10-01/geoTwitter19-10-01_02:00
2022-03-04 11:23:08.673989 /data/tweets_corona/geoTwitter19-10-01.zip geoTwitter19-10-01/geoTwitter19-10-01_03:00
2022-03-04 11:23:24.301840 /data/tweets_corona/geoTwitter19-10-01.zip geoTwitter19-10-01/geoTwitter19-10-01_04:00
2022-03-04 11:23:37.803192 /data/tweets_corona/geoTwitter19-10-01.zip geoTwitter19-10-01/geoTwitter19-10-01_05:00
2022-03-04 11:23:49.756469 /data/tweets_corona/geoTwitter19-10-01.zip geoTwitter19-10-01/geoTwitter19-10-01_06:00
2022-03-04 11:24:00.446033 /data/tweets_corona/geoTwitter19-10-01.zip geoTwitter19-10-01/geoTwitter19-10-01_07:00
2022-03-04 11:24:10.700139 /data/tweets_corona/geoTwitter19-10-01.zip geoTwitter19-10-01/geoTwitter19-10-01_08:00
2022-03-04 11:24:21.300636 /data/tweets_corona/geoTwitter19-10-01.zip geoTwitter19-10-01/geoTwitter19-10-01_09:00
2022-03-04 11:24:32.978437 /data/tweets_corona/geoTwitter19-10-01.zip geoTwitter19-10-01/geoTwitter19-10-01_10:00
2022-03-04 11:24:47.003621 /data/tweets_corona/geoTwitter19-10-01.zip geoTwitter19-10-01/geoTwitter19-10-01_11:00
2022-03-04 11:25:02.547955 /data/tweets_corona/geoTwitter19-10-01.zip geoTwitter19-10-01/geoTwitter19-10-01_12:00
2022-03-04 11:25:19.186594 /data/tweets_corona/geoTwitter19-10-01.zip geoTwitter19-10-01/geoTwitter19-10-01_13:00
2022-03-04 11:25:36.115776 /data/tweets_corona/geoTwitter19-10-01.zip geoTwitter19-10-01/geoTwitter19-10-01_14:00
2022-03-04 11:25:52.900490 /data/tweets_corona/geoTwitter19-10-01.zip geoTwitter19-10-01/geoTwitter19-10-01_15:00
2022-03-04 11:26:10.076910 /data/tweets_corona/geoTwitter19-10-01.zip geoTwitter19-10-01/geoTwitter19-10-01_16:00
2022-03-04 11:26:27.236502 /data/tweets_corona/geoTwitter19-10-01.zip geoTwitter19-10-01/geoTwitter19-10-01_17:00
2022-03-04 11:26:44.034447 /data/tweets_corona/geoTwitter19-10-01.zip geoTwitter19-10-01/geoTwitter19-10-01_18:00
2022-03-04 11:27:00.530718 /data/tweets_corona/geoTwitter19-10-01.zip geoTwitter19-10-01/geoTwitter19-10-01_19:00
2022-03-04 11:27:17.882189 /data/tweets_corona/geoTwitter19-10-01.zip geoTwitter19-10-01/geoTwitter19-10-01_20:00
2022-03-04 11:27:36.042505 /data/tweets_corona/geoTwitter19-10-01.zip geoTwitter19-10-01/geoTwitter19-10-01_21:00
2022-03-04 11:27:54.097985 /data/tweets_corona/geoTwitter19-10-01.zip geoTwitter19-10-01/geoTwitter19-10-01_22:00
2022-03-04 11:28:11.085878 /data/tweets_corona/geoTwitter19-10-01.zip geoTwitter19-10-01/geoTwitter19-10-01_23:00
saving outputs/geoTwitter19-10-01.zip.lang
saving outputs/geoTwitter19-10-01.zip.country
2022-03-04 16:53:52.729351 /data/tweets_corona/geoTwitter19-12-05.zip geoTwitter19-12-05/geoTwitter19-12-05_00:00
2022-03-04 16:54:07.970377 /data/tweets_corona/geoTwitter19-12-05.zip geoTwitter19-12-05/geoTwitter19-12-05_01:00
2022-03-04 16:54:23.492688 /data/tweets_corona/geoTwitter19-12-05.zip geoTwitter19-12-05/geoTwitter19-12-05_02:00
2022-03-04 16:54:39.431560 /data/tweets_corona/geoTwitter19-12-05.zip geoTwitter19-12-05/geoTwitter19-12-05_03:00
2022-03-04 16:54:55.090734 /data/tweets_corona/geoTwitter19-12-05.zip geoTwitter19-12-05/geoTwitter19-12-05_04:00
2022-03-04 16:55:09.578502 /data/tweets_corona/geoTwitter19-12-05.zip geoTwitter19-12-05/geoTwitter19-12-05_05:00
2022-03-04 16:55:22.462030 /data/tweets_corona/geoTwitter19-12-05.zip geoTwitter19-12-05/geoTwitter19-12-05_06:00
2022-03-04 16:55:34.476131 /data/tweets_corona/geoTwitter19-12-05.zip geoTwitter19-12-05/geoTwitter19-12-05_07:00
2022-03-04 16:55:45.579300 /data/tweets_corona/geoTwitter19-12-05.zip geoTwitter19-12-05/geoTwitter19-12-05_08:00
2022-03-04 16:55:56.638724 /data/tweets_corona/geoTwitter19-12-05.zip geoTwitter19-12-05/geoTwitter19-12-05_09:00
2022-03-04 16:56:08.344225 /data/tweets_corona/geoTwitter19-12-05.zip geoTwitter19-12-05/geoTwitter19-12-05_10:00
2022-03-04 16:56:21.383810 /data/tweets_corona/geoTwitter19-12-05.zip geoTwitter19-12-05/geoTwitter19-12-05_11:00
2022-03-04 16:56:35.887453 /data/tweets_corona/geoTwitter19-12-05.zip geoTwitter19-12-05/geoTwitter19-12-05_12:00
2022-03-04 16:56:52.028300 /data/tweets_corona/geoTwitter19-12-05.zip geoTwitter19-12-05/geoTwitter19-12-05_13:00
2022-03-04 16:57:09.056402 /data/tweets_corona/geoTwitter19-12-05.zip geoTwitter19-12-05/geoTwitter19-12-05_14:00
2022-03-04 16:57:26.289513 /data/tweets_corona/geoTwitter19-12-05.zip geoTwitter19-12-05/geoTwitter19-12-05_15:00
2022-03-04 16:57:43.509511 /data/tweets_corona/geoTwitter19-12-05.zip geoTwitter19-12-05/geoTwitter19-12-05_16:00
2022-03-04 16:58:00.656421 /data/tweets_corona/geoTwitter19-12-05.zip geoTwitter19-12-05/geoTwitter19-12-05_17:00
2022-03-04 16:58:17.747184 /data/tweets_corona/geoTwitter19-12-05.zip geoTwitter19-12-05/geoTwitter19-12-05_18:00
2022-03-04 16:58:34.508688 /data/tweets_corona/geoTwitter19-12-05.zip geoTwitter19-12-05/geoTwitter19-12-05_19:00
2022-03-04 16:58:51.401929 /data/tweets_corona/geoTwitter19-12-05.zip geoTwitter19-12-05/geoTwitter19-12-05_20:00
2022-03-04 16:59:08.091038 /data/tweets_corona/geoTwitter19-12-05.zip geoTwitter19-12-05/geoTwitter19-12-05_21:00
2022-03-04 16:59:24.784125 /data/tweets_corona/geoTwitter19-12-05.zip geoTwitter19-12-05/geoTwitter19-12-05_22:00
2022-03-04 16:59:41.512216 /data/tweets_corona/geoTwitter19-12-05.zip geoTwitter19-12-05/geoTwitter19-12-05_23:00
saving outputs/geoTwitter19-12-05.zip.lang
saving outputs/geoTwitter19-12-05.zip.country
2022-03-04 16:54:04.588407 /data/tweets_corona/geoTwitter19-12-07.zip geoTwitter19-12-07/geoTwitter19-12-07_00:00
2022-03-04 16:54:19.628869 /data/tweets_corona/geoTwitter19-12-07.zip geoTwitter19-12-07/geoTwitter19-12-07_01:00
2022-03-04 16:54:34.781150 /data/tweets_corona/geoTwitter19-12-07.zip geoTwitter19-12-07/geoTwitter19-12-07_02:00
2022-03-04 16:54:50.319829 /data/tweets_corona/geoTwitter19-12-07.zip geoTwitter19-12-07/geoTwitter19-12-07_03:00
2022-03-04 16:55:05.556624 /data/tweets_corona/geoTwitter19-12-07.zip geoTwitter19-12-07/geoTwitter19-12-07_04:00
2022-03-04 16:55:19.730195 /data/tweets_corona/geoTwitter19-12-07.zip geoTwitter19-12-07/geoTwitter19-12-07_05:00
2022-03-04 16:55:32.002923 /data/tweets_corona/geoTwitter19-12-07.zip geoTwitter19-12-07/geoTwitter19-12-07_06:00
2022-03-04 16:55:43.229073 /data/tweets_corona/geoTwitter19-12-07.zip geoTwitter19-12-07/geoTwitter19-12-07_07:00
2022-03-04 16:55:54.130762 /data/tweets_corona/geoTwitter19-12-07.zip geoTwitter19-12-07/geoTwitter19-12-07_08:00
2022-03-04 16:56:05.216573 /data/tweets_corona/geoTwitter19-12-07.zip geoTwitter19-12-07/geoTwitter19-12-07_09:00
2022-03-04 16:56:16.785609 /data/tweets_corona/geoTwitter19-12-07.zip geoTwitter19-12-07/geoTwitter19-12-07_10:00
2022-03-04 16:56:29.143579 /data/tweets_corona/geoTwitter19-12-07.zip geoTwitter19-12-07/geoTwitter19-12-07_11:00
2022-03-04 16:56:42.623638 /data/tweets_corona/geoTwitter19-12-07.zip geoTwitter19-12-07/geoTwitter19-12-07_12:00
2022-03-04 16:56:57.652416 /data/tweets_corona/geoTwitter19-12-07.zip geoTwitter19-12-07/geoTwitter19-12-07_13:00
2022-03-04 16:57:14.036974 /data/tweets_corona/geoTwitter19-12-07.zip geoTwitter19-12-07/geoTwitter19-12-07_14:00
2022-03-04 16:57:30.944520 /data/tweets_corona/geoTwitter19-12-07.zip geoTwitter19-12-07/geoTwitter19-12-07_15:00
2022-03-04 16:57:48.051784 /data/tweets_corona/geoTwitter19-12-07.zip geoTwitter19-12-07/geoTwitter19-12-07_16:00
2022-03-04 16:58:05.217103 /data/tweets_corona/geoTwitter19-12-07.zip geoTwitter19-12-07/geoTwitter19-12-07_17:00
2022-03-04 16:58:22.107597 /data/tweets_corona/geoTwitter19-12-07.zip geoTwitter19-12-07/geoTwitter19-12-07_18:00
2022-03-04 16:58:38.789337 /data/tweets_corona/geoTwitter19-12-07.zip geoTwitter19-12-07/geoTwitter19-12-07_19:00
2022-03-04 16:58:55.437655 /data/tweets_corona/geoTwitter19-12-07.zip geoTwitter19-12-07/geoTwitter19-12-07_20:00
2022-03-04 16:59:11.839753 /data/tweets_corona/geoTwitter19-12-07.zip geoTwitter19-12-07/geoTwitter19-12-07_21:00
2022-03-04 16:59:28.179452 /data/tweets_corona/geoTwitter19-12-07.zip geoTwitter19-12-07/geoTwitter19-12-07_22:00
2022-03-04 16:59:44.553347 /data/tweets_corona/geoTwitter19-12-07.zip geoTwitter19-12-07/geoTwitter19-12-07_23:00
saving outputs/geoTwitter19-12-07.zip.lang
saving outputs/geoTwitter19-12-07.zip.country
2022-03-04 16:53:59.139444 /data/tweets_corona/geoTwitter19-12-06.zip geoTwitter19-12-06/geoTwitter19-12-06_00:00
2022-03-04 16:54:15.206597 /data/tweets_corona/geoTwitter19-12-06.zip geoTwitter19-12-06/geoTwitter19-12-06_01:00
2022-03-04 16:54:31.435497 /data/tweets_corona/geoTwitter19-12-06.zip geoTwitter19-12-06/geoTwitter19-12-06_02:00
2022-03-04 16:54:48.270482 /data/tweets_corona/geoTwitter19-12-06.zip geoTwitter19-12-06/geoTwitter19-12-06_03:00
2022-03-04 16:55:04.914777 /data/tweets_corona/geoTwitter19-12-06.zip geoTwitter19-12-06/geoTwitter19-12-06_04:00
2022-03-04 16:55:19.874804 /data/tweets_corona/geoTwitter19-12-06.zip geoTwitter19-12-06/geoTwitter19-12-06_05:00
2022-03-04 16:55:33.029195 /data/tweets_corona/geoTwitter19-12-06.zip geoTwitter19-12-06/geoTwitter19-12-06_06:00
2022-03-04 16:55:44.530217 /data/tweets_corona/geoTwitter19-12-06.zip geoTwitter19-12-06/geoTwitter19-12-06_07:00
2022-03-04 16:55:55.554772 /data/tweets_corona/geoTwitter19-12-06.zip geoTwitter19-12-06/geoTwitter19-12-06_08:00
2022-03-04 16:56:06.561590 /data/tweets_corona/geoTwitter19-12-06.zip geoTwitter19-12-06/geoTwitter19-12-06_09:00
2022-03-04 16:56:18.663094 /data/tweets_corona/geoTwitter19-12-06.zip geoTwitter19-12-06/geoTwitter19-12-06_10:00
2022-03-04 16:56:31.900529 /data/tweets_corona/geoTwitter19-12-06.zip geoTwitter19-12-06/geoTwitter19-12-06_11:00
2022-03-04 16:56:46.655705 /data/tweets_corona/geoTwitter19-12-06.zip geoTwitter19-12-06/geoTwitter19-12-06_12:00
2022-03-04 16:57:02.821001 /data/tweets_corona/geoTwitter19-12-06.zip geoTwitter19-12-06/geoTwitter19-12-06_13:00
2022-03-04 16:57:19.834966 /data/tweets_corona/geoTwitter19-12-06.zip geoTwitter19-12-06/geoTwitter19-12-06_14:00
2022-03-04 16:57:37.141670 /data/tweets_corona/geoTwitter19-12-06.zip geoTwitter19-12-06/geoTwitter19-12-06_15:00
2022-03-04 16:57:54.554705 /data/tweets_corona/geoTwitter19-12-06.zip geoTwitter19-12-06/geoTwitter19-12-06_16:00
2022-03-04 16:58:11.840182 /data/tweets_corona/geoTwitter19-12-06.zip geoTwitter19-12-06/geoTwitter19-12-06_17:00
2022-03-04 16:58:28.966793 /data/tweets_corona/geoTwitter19-12-06.zip geoTwitter19-12-06/geoTwitter19-12-06_18:00
2022-03-04 16:58:45.851001 /data/tweets_corona/geoTwitter19-12-06.zip geoTwitter19-12-06/geoTwitter19-12-06_19:00
2022-03-04 16:59:02.441371 /data/tweets_corona/geoTwitter19-12-06.zip geoTwitter19-12-06/geoTwitter19-12-06_20:00
2022-03-04 16:59:18.702857 /data/tweets_corona/geoTwitter19-12-06.zip geoTwitter19-12-06/geoTwitter19-12-06_21:00
2022-03-04 16:59:35.442922 /data/tweets_corona/geoTwitter19-12-06.zip geoTwitter19-12-06/geoTwitter19-12-06_22:00
2022-03-04 16:59:51.956259 /data/tweets_corona/geoTwitter19-12-06.zip geoTwitter19-12-06/geoTwitter19-12-06_23:00
saving outputs/geoTwitter19-12-06.zip.lang
saving outputs/geoTwitter19-12-06.zip.country
2022-03-04 16:55:35.120844 /data/tweets_corona/geoTwitter19-12-08.zip geoTwitter19-12-08/geoTwitter19-12-08_00:00
2022-03-04 16:55:49.958694 /data/tweets_corona/geoTwitter19-12-08.zip geoTwitter19-12-08/geoTwitter19-12-08_01:00
2022-03-04 16:56:04.620889 /data/tweets_corona/geoTwitter19-12-08.zip geoTwitter19-12-08/geoTwitter19-12-08_02:00
2022-03-04 16:56:19.525832 /data/tweets_corona/geoTwitter19-12-08.zip geoTwitter19-12-08/geoTwitter19-12-08_03:00
2022-03-04 16:56:32.977585 /data/tweets_corona/geoTwitter19-12-08.zip geoTwitter19-12-08/geoTwitter19-12-08_04:00
2022-03-04 16:56:45.963297 /data/tweets_corona/geoTwitter19-12-08.zip geoTwitter19-12-08/geoTwitter19-12-08_05:00
2022-03-04 16:56:56.482940 /data/tweets_corona/geoTwitter19-12-08.zip geoTwitter19-12-08/geoTwitter19-12-08_06:00
2022-03-04 16:57:07.465866 /data/tweets_corona/geoTwitter19-12-08.zip geoTwitter19-12-08/geoTwitter19-12-08_07:00
2022-03-04 16:57:18.090027 /data/tweets_corona/geoTwitter19-12-08.zip geoTwitter19-12-08/geoTwitter19-12-08_08:00
2022-03-04 16:57:29.181943 /data/tweets_corona/geoTwitter19-12-08.zip geoTwitter19-12-08/geoTwitter19-12-08_09:00
2022-03-04 16:57:40.719708 /data/tweets_corona/geoTwitter19-12-08.zip geoTwitter19-12-08/geoTwitter19-12-08_10:00
2022-03-04 16:57:52.832142 /data/tweets_corona/geoTwitter19-12-08.zip geoTwitter19-12-08/geoTwitter19-12-08_11:00
2022-03-04 16:58:06.252599 /data/tweets_corona/geoTwitter19-12-08.zip geoTwitter19-12-08/geoTwitter19-12-08_12:00
2022-03-04 16:58:20.811033 /data/tweets_corona/geoTwitter19-12-08.zip geoTwitter19-12-08/geoTwitter19-12-08_13:00
2022-03-04 16:58:36.651655 /data/tweets_corona/geoTwitter19-12-08.zip geoTwitter19-12-08/geoTwitter19-12-08_14:00
2022-03-04 16:58:53.156991 /data/tweets_corona/geoTwitter19-12-08.zip geoTwitter19-12-08/geoTwitter19-12-08_15:00
2022-03-04 16:59:09.975225 /data/tweets_corona/geoTwitter19-12-08.zip geoTwitter19-12-08/geoTwitter19-12-08_16:00
2022-03-04 16:59:26.672453 /data/tweets_corona/geoTwitter19-12-08.zip geoTwitter19-12-08/geoTwitter19-12-08_17:00
2022-03-04 16:59:43.416195 /data/tweets_corona/geoTwitter19-12-08.zip geoTwitter19-12-08/geoTwitter19-12-08_18:00
2022-03-04 16:59:59.963025 /data/tweets_corona/geoTwitter19-12-08.zip geoTwitter19-12-08/geoTwitter19-12-08_19:00
2022-03-04 17:00:16.225974 /data/tweets_corona/geoTwitter19-12-08.zip geoTwitter19-12-08/geoTwitter19-12-08_20:00
2022-03-04 17:00:31.988138 /data/tweets_corona/geoTwitter19-12-08.zip geoTwitter19-12-08/geoTwitter19-12-08_21:00
2022-03-04 17:00:48.034710 /data/tweets_corona/geoTwitter19-12-08.zip geoTwitter19-12-08/geoTwitter19-12-08_22:00
2022-03-04 17:01:04.342339 /data/tweets_corona/geoTwitter19-12-08.zip geoTwitter19-12-08/geoTwitter19-12-08_23:00
saving outputs/geoTwitter19-12-08.zip.lang
saving outputs/geoTwitter19-12-08.zip.country
2022-03-04 17:01:21.580809 /data/tweets_corona/geoTwitter19-12-09.zip geoTwitter19-12-09/geoTwitter19-12-09_00:00
2022-03-04 17:01:37.163260 /data/tweets_corona/geoTwitter19-12-09.zip geoTwitter19-12-09/geoTwitter19-12-09_01:00
2022-03-04 17:01:52.950089 /data/tweets_corona/geoTwitter19-12-09.zip geoTwitter19-12-09/geoTwitter19-12-09_02:00
2022-03-04 17:02:08.805920 /data/tweets_corona/geoTwitter19-12-09.zip geoTwitter19-12-09/geoTwitter19-12-09_03:00
2022-03-04 17:02:24.302885 /data/tweets_corona/geoTwitter19-12-09.zip geoTwitter19-12-09/geoTwitter19-12-09_04:00
2022-03-04 17:02:38.023869 /data/tweets_corona/geoTwitter19-12-09.zip geoTwitter19-12-09/geoTwitter19-12-09_05:00
2022-03-04 17:02:49.995640 /data/tweets_corona/geoTwitter19-12-09.zip geoTwitter19-12-09/geoTwitter19-12-09_06:00
2022-03-04 17:03:00.987623 /data/tweets_corona/geoTwitter19-12-09.zip geoTwitter19-12-09/geoTwitter19-12-09_07:00
2022-03-04 17:03:11.332356 /data/tweets_corona/geoTwitter19-12-09.zip geoTwitter19-12-09/geoTwitter19-12-09_08:00
2022-03-04 17:03:21.533700 /data/tweets_corona/geoTwitter19-12-09.zip geoTwitter19-12-09/geoTwitter19-12-09_09:00
2022-03-04 17:03:32.468096 /data/tweets_corona/geoTwitter19-12-09.zip geoTwitter19-12-09/geoTwitter19-12-09_10:00
2022-03-04 17:03:44.799973 /data/tweets_corona/geoTwitter19-12-09.zip geoTwitter19-12-09/geoTwitter19-12-09_11:00
2022-03-04 17:03:58.703594 /data/tweets_corona/geoTwitter19-12-09.zip geoTwitter19-12-09/geoTwitter19-12-09_12:00
2022-03-04 17:04:14.106228 /data/tweets_corona/geoTwitter19-12-09.zip geoTwitter19-12-09/geoTwitter19-12-09_13:00
2022-03-04 17:04:30.500954 /data/tweets_corona/geoTwitter19-12-09.zip geoTwitter19-12-09/geoTwitter19-12-09_14:00
2022-03-04 17:04:47.438576 /data/tweets_corona/geoTwitter19-12-09.zip geoTwitter19-12-09/geoTwitter19-12-09_15:00
2022-03-04 17:05:04.644279 /data/tweets_corona/geoTwitter19-12-09.zip geoTwitter19-12-09/geoTwitter19-12-09_16:00
2022-03-04 17:05:21.751972 /data/tweets_corona/geoTwitter19-12-09.zip geoTwitter19-12-09/geoTwitter19-12-09_17:00
2022-03-04 17:05:38.803825 /data/tweets_corona/geoTwitter19-12-09.zip geoTwitter19-12-09/geoTwitter19-12-09_18:00
2022-03-04 17:05:55.721962 /data/tweets_corona/geoTwitter19-12-09.zip geoTwitter19-12-09/geoTwitter19-12-09_19:00
2022-03-04 17:06:12.629551 /data/tweets_corona/geoTwitter19-12-09.zip geoTwitter19-12-09/geoTwitter19-12-09_20:00
2022-03-04 17:06:29.337461 /data/tweets_corona/geoTwitter19-12-09.zip geoTwitter19-12-09/geoTwitter19-12-09_21:00
2022-03-04 17:06:46.241118 /data/tweets_corona/geoTwitter19-12-09.zip geoTwitter19-12-09/geoTwitter19-12-09_22:00
2022-03-04 17:07:03.015913 /data/tweets_corona/geoTwitter19-12-09.zip geoTwitter19-12-09/geoTwitter19-12-09_23:00
saving outputs/geoTwitter19-12-09.zip.lang
saving outputs/geoTwitter19-12-09.zip.country
2022-03-04 17:01:28.259516 /data/tweets_corona/geoTwitter19-12-10.zip geoTwitter19-12-10/geoTwitter19-12-10_00:00
2022-03-04 17:01:43.969732 /data/tweets_corona/geoTwitter19-12-10.zip geoTwitter19-12-10/geoTwitter19-12-10_01:00
2022-03-04 17:01:59.896272 /data/tweets_corona/geoTwitter19-12-10.zip geoTwitter19-12-10/geoTwitter19-12-10_02:00
2022-03-04 17:02:15.953962 /data/tweets_corona/geoTwitter19-12-10.zip geoTwitter19-12-10/geoTwitter19-12-10_03:00
2022-03-04 17:02:31.950454 /data/tweets_corona/geoTwitter19-12-10.zip geoTwitter19-12-10/geoTwitter19-12-10_04:00
2022-03-04 17:02:46.672250 /data/tweets_corona/geoTwitter19-12-10.zip geoTwitter19-12-10/geoTwitter19-12-10_05:00
2022-03-04 17:02:59.189553 /data/tweets_corona/geoTwitter19-12-10.zip geoTwitter19-12-10/geoTwitter19-12-10_06:00
2022-03-04 17:03:10.482104 /data/tweets_corona/geoTwitter19-12-10.zip geoTwitter19-12-10/geoTwitter19-12-10_07:00
2022-03-04 17:03:21.096600 /data/tweets_corona/geoTwitter19-12-10.zip geoTwitter19-12-10/geoTwitter19-12-10_08:00
2022-03-04 17:03:31.942183 /data/tweets_corona/geoTwitter19-12-10.zip geoTwitter19-12-10/geoTwitter19-12-10_09:00
2022-03-04 17:03:43.383325 /data/tweets_corona/geoTwitter19-12-10.zip geoTwitter19-12-10/geoTwitter19-12-10_10:00
2022-03-04 17:03:56.263828 /data/tweets_corona/geoTwitter19-12-10.zip geoTwitter19-12-10/geoTwitter19-12-10_11:00
2022-03-04 17:04:10.743774 /data/tweets_corona/geoTwitter19-12-10.zip geoTwitter19-12-10/geoTwitter19-12-10_12:00
2022-03-04 17:04:26.709480 /data/tweets_corona/geoTwitter19-12-10.zip geoTwitter19-12-10/geoTwitter19-12-10_13:00
2022-03-04 17:04:43.668849 /data/tweets_corona/geoTwitter19-12-10.zip geoTwitter19-12-10/geoTwitter19-12-10_14:00
2022-03-04 17:05:00.798228 /data/tweets_corona/geoTwitter19-12-10.zip geoTwitter19-12-10/geoTwitter19-12-10_15:00
2022-03-04 17:05:18.008192 /data/tweets_corona/geoTwitter19-12-10.zip geoTwitter19-12-10/geoTwitter19-12-10_16:00
2022-03-04 17:05:35.246050 /data/tweets_corona/geoTwitter19-12-10.zip geoTwitter19-12-10/geoTwitter19-12-10_17:00
2022-03-04 17:05:52.378388 /data/tweets_corona/geoTwitter19-12-10.zip geoTwitter19-12-10/geoTwitter19-12-10_18:00
2022-03-04 17:06:09.441133 /data/tweets_corona/geoTwitter19-12-10.zip geoTwitter19-12-10/geoTwitter19-12-10_19:00
2022-03-04 17:06:26.386646 /data/tweets_corona/geoTwitter19-12-10.zip geoTwitter19-12-10/geoTwitter19-12-10_20:00
2022-03-04 17:06:43.378711 /data/tweets_corona/geoTwitter19-12-10.zip geoTwitter19-12-10/geoTwitter19-12-10_21:00
2022-03-04 17:07:00.288259 /data/tweets_corona/geoTwitter19-12-10.zip geoTwitter19-12-10/geoTwitter19-12-10_22:00
2022-03-04 17:07:17.153308 /data/tweets_corona/geoTwitter19-12-10.zip geoTwitter19-12-10/geoTwitter19-12-10_23:00
saving outputs/geoTwitter19-12-10.zip.lang
saving outputs/geoTwitter19-12-10.zip.country
2022-03-04 17:02:24.939831 /data/tweets_corona/geoTwitter20-04-04.zip geoTwitter20-04-04/geoTwitter20-04-04_00:00
2022-03-04 17:02:42.022413 /data/tweets_corona/geoTwitter20-04-04.zip geoTwitter20-04-04/geoTwitter20-04-04_01:00
2022-03-04 17:02:58.796846 /data/tweets_corona/geoTwitter20-04-04.zip geoTwitter20-04-04/geoTwitter20-04-04_02:00
2022-03-04 17:03:15.255080 /data/tweets_corona/geoTwitter20-04-04.zip geoTwitter20-04-04/geoTwitter20-04-04_03:00
2022-03-04 17:03:32.133551 /data/tweets_corona/geoTwitter20-04-04.zip geoTwitter20-04-04/geoTwitter20-04-04_04:00
2022-03-04 17:03:48.294774 /data/tweets_corona/geoTwitter20-04-04.zip geoTwitter20-04-04/geoTwitter20-04-04_05:00
2022-03-04 17:04:03.480652 /data/tweets_corona/geoTwitter20-04-04.zip geoTwitter20-04-04/geoTwitter20-04-04_06:00
2022-03-04 17:04:18.402829 /data/tweets_corona/geoTwitter20-04-04.zip geoTwitter20-04-04/geoTwitter20-04-04_07:00
2022-03-04 17:04:32.680705 /data/tweets_corona/geoTwitter20-04-04.zip geoTwitter20-04-04/geoTwitter20-04-04_08:00
2022-03-04 17:04:46.687584 /data/tweets_corona/geoTwitter20-04-04.zip geoTwitter20-04-04/geoTwitter20-04-04_09:00
2022-03-04 17:05:00.961286 /data/tweets_corona/geoTwitter20-04-04.zip geoTwitter20-04-04/geoTwitter20-04-04_10:00
2022-03-04 17:05:15.998817 /data/tweets_corona/geoTwitter20-04-04.zip geoTwitter20-04-04/geoTwitter20-04-04_11:00
2022-03-04 17:05:32.083921 /data/tweets_corona/geoTwitter20-04-04.zip geoTwitter20-04-04/geoTwitter20-04-04_12:00
2022-03-04 17:05:49.220129 /data/tweets_corona/geoTwitter20-04-04.zip geoTwitter20-04-04/geoTwitter20-04-04_13:00
2022-03-04 17:06:06.847009 /data/tweets_corona/geoTwitter20-04-04.zip geoTwitter20-04-04/geoTwitter20-04-04_14:00
2022-03-04 17:06:24.554699 /data/tweets_corona/geoTwitter20-04-04.zip geoTwitter20-04-04/geoTwitter20-04-04_15:00
2022-03-04 17:06:42.248146 /data/tweets_corona/geoTwitter20-04-04.zip geoTwitter20-04-04/geoTwitter20-04-04_16:00
2022-03-04 17:06:59.861287 /data/tweets_corona/geoTwitter20-04-04.zip geoTwitter20-04-04/geoTwitter20-04-04_17:00
2022-03-04 17:07:17.350471 /data/tweets_corona/geoTwitter20-04-04.zip geoTwitter20-04-04/geoTwitter20-04-04_18:00
2022-03-04 17:07:34.765945 /data/tweets_corona/geoTwitter20-04-04.zip geoTwitter20-04-04/geoTwitter20-04-04_19:00
2022-03-04 17:07:51.803727 /data/tweets_corona/geoTwitter20-04-04.zip geoTwitter20-04-04/geoTwitter20-04-04_20:00
2022-03-04 17:08:08.754718 /data/tweets_corona/geoTwitter20-04-04.zip geoTwitter20-04-04/geoTwitter20-04-04_21:00
2022-03-04 17:08:25.639940 /data/tweets_corona/geoTwitter20-04-04.zip geoTwitter20-04-04/geoTwitter20-04-04_22:00
2022-03-04 17:08:42.421367 /data/tweets_corona/geoTwitter20-04-04.zip geoTwitter20-04-04/geoTwitter20-04-04_23:00
saving outputs/geoTwitter20-04-04.zip.lang
saving outputs/geoTwitter20-04-04.zip.country
2022-03-04 17:02:22.240053 /data/tweets_corona/geoTwitter20-04-05.zip geoTwitter20-04-05/geoTwitter20-04-05_00:00
2022-03-04 17:02:38.747821 /data/tweets_corona/geoTwitter20-04-05.zip geoTwitter20-04-05/geoTwitter20-04-05_01:00
2022-03-04 17:02:55.087722 /data/tweets_corona/geoTwitter20-04-05.zip geoTwitter20-04-05/geoTwitter20-04-05_02:00
2022-03-04 17:03:11.398837 /data/tweets_corona/geoTwitter20-04-05.zip geoTwitter20-04-05/geoTwitter20-04-05_03:00
2022-03-04 17:03:28.102825 /data/tweets_corona/geoTwitter20-04-05.zip geoTwitter20-04-05/geoTwitter20-04-05_04:00
2022-03-04 17:03:44.716915 /data/tweets_corona/geoTwitter20-04-05.zip geoTwitter20-04-05/geoTwitter20-04-05_05:00
2022-03-04 17:04:00.620079 /data/tweets_corona/geoTwitter20-04-05.zip geoTwitter20-04-05/geoTwitter20-04-05_06:00
2022-03-04 17:04:16.076008 /data/tweets_corona/geoTwitter20-04-05.zip geoTwitter20-04-05/geoTwitter20-04-05_07:00
2022-03-04 17:04:30.971564 /data/tweets_corona/geoTwitter20-04-05.zip geoTwitter20-04-05/geoTwitter20-04-05_08:00
2022-03-04 17:04:45.574714 /data/tweets_corona/geoTwitter20-04-05.zip geoTwitter20-04-05/geoTwitter20-04-05_09:00
2022-03-04 17:05:00.308238 /data/tweets_corona/geoTwitter20-04-05.zip geoTwitter20-04-05/geoTwitter20-04-05_10:00
2022-03-04 17:05:15.537149 /data/tweets_corona/geoTwitter20-04-05.zip geoTwitter20-04-05/geoTwitter20-04-05_11:00
2022-03-04 17:05:31.749192 /data/tweets_corona/geoTwitter20-04-05.zip geoTwitter20-04-05/geoTwitter20-04-05_12:00
2022-03-04 17:05:48.944107 /data/tweets_corona/geoTwitter20-04-05.zip geoTwitter20-04-05/geoTwitter20-04-05_13:00
2022-03-04 17:06:06.724047 /data/tweets_corona/geoTwitter20-04-05.zip geoTwitter20-04-05/geoTwitter20-04-05_14:00
2022-03-04 17:06:24.578194 /data/tweets_corona/geoTwitter20-04-05.zip geoTwitter20-04-05/geoTwitter20-04-05_15:00
2022-03-04 17:06:42.620905 /data/tweets_corona/geoTwitter20-04-05.zip geoTwitter20-04-05/geoTwitter20-04-05_16:00
2022-03-04 17:07:00.837185 /data/tweets_corona/geoTwitter20-04-05.zip geoTwitter20-04-05/geoTwitter20-04-05_17:00
2022-03-04 17:07:18.799588 /data/tweets_corona/geoTwitter20-04-05.zip geoTwitter20-04-05/geoTwitter20-04-05_18:00
2022-03-04 17:07:36.588689 /data/tweets_corona/geoTwitter20-04-05.zip geoTwitter20-04-05/geoTwitter20-04-05_19:00
2022-03-04 17:07:53.538148 /data/tweets_corona/geoTwitter20-04-05.zip geoTwitter20-04-05/geoTwitter20-04-05_20:00
2022-03-04 17:08:10.947393 /data/tweets_corona/geoTwitter20-04-05.zip geoTwitter20-04-05/geoTwitter20-04-05_21:00
2022-03-04 17:08:27.923596 /data/tweets_corona/geoTwitter20-04-05.zip geoTwitter20-04-05/geoTwitter20-04-05_22:00
2022-03-04 17:08:44.960761 /data/tweets_corona/geoTwitter20-04-05.zip geoTwitter20-04-05/geoTwitter20-04-05_23:00
saving outputs/geoTwitter20-04-05.zip.lang
saving outputs/geoTwitter20-04-05.zip.country
2022-03-04 17:02:29.335964 /data/tweets_corona/geoTwitter20-04-03.zip geoTwitter20-04-03/geoTwitter20-04-03_00:00
2022-03-04 17:02:46.908322 /data/tweets_corona/geoTwitter20-04-03.zip geoTwitter20-04-03/geoTwitter20-04-03_01:00
2022-03-04 17:03:04.030001 /data/tweets_corona/geoTwitter20-04-03.zip geoTwitter20-04-03/geoTwitter20-04-03_02:00
2022-03-04 17:03:20.270931 /data/tweets_corona/geoTwitter20-04-03.zip geoTwitter20-04-03/geoTwitter20-04-03_03:00
2022-03-04 17:03:37.487621 /data/tweets_corona/geoTwitter20-04-03.zip geoTwitter20-04-03/geoTwitter20-04-03_04:00
2022-03-04 17:03:54.220683 /data/tweets_corona/geoTwitter20-04-03.zip geoTwitter20-04-03/geoTwitter20-04-03_05:00
2022-03-04 17:04:10.135975 /data/tweets_corona/geoTwitter20-04-03.zip geoTwitter20-04-03/geoTwitter20-04-03_06:00
2022-03-04 17:04:25.639842 /data/tweets_corona/geoTwitter20-04-03.zip geoTwitter20-04-03/geoTwitter20-04-03_07:00
2022-03-04 17:04:40.346410 /data/tweets_corona/geoTwitter20-04-03.zip geoTwitter20-04-03/geoTwitter20-04-03_08:00
2022-03-04 17:04:54.432483 /data/tweets_corona/geoTwitter20-04-03.zip geoTwitter20-04-03/geoTwitter20-04-03_09:00
2022-03-04 17:05:08.817274 /data/tweets_corona/geoTwitter20-04-03.zip geoTwitter20-04-03/geoTwitter20-04-03_10:00
2022-03-04 17:05:24.214673 /data/tweets_corona/geoTwitter20-04-03.zip geoTwitter20-04-03/geoTwitter20-04-03_11:00
2022-03-04 17:05:40.847432 /data/tweets_corona/geoTwitter20-04-03.zip geoTwitter20-04-03/geoTwitter20-04-03_12:00
2022-03-04 17:05:58.382482 /data/tweets_corona/geoTwitter20-04-03.zip geoTwitter20-04-03/geoTwitter20-04-03_13:00
2022-03-04 17:06:16.061110 /data/tweets_corona/geoTwitter20-04-03.zip geoTwitter20-04-03/geoTwitter20-04-03_14:00
2022-03-04 17:06:33.740199 /data/tweets_corona/geoTwitter20-04-03.zip geoTwitter20-04-03/geoTwitter20-04-03_15:00
2022-03-04 17:06:51.507928 /data/tweets_corona/geoTwitter20-04-03.zip geoTwitter20-04-03/geoTwitter20-04-03_16:00
2022-03-04 17:07:09.149488 /data/tweets_corona/geoTwitter20-04-03.zip geoTwitter20-04-03/geoTwitter20-04-03_17:00
2022-03-04 17:07:26.652484 /data/tweets_corona/geoTwitter20-04-03.zip geoTwitter20-04-03/geoTwitter20-04-03_18:00
2022-03-04 17:07:43.908071 /data/tweets_corona/geoTwitter20-04-03.zip geoTwitter20-04-03/geoTwitter20-04-03_19:00
2022-03-04 17:08:01.050939 /data/tweets_corona/geoTwitter20-04-03.zip geoTwitter20-04-03/geoTwitter20-04-03_20:00
2022-03-04 17:08:17.876166 /data/tweets_corona/geoTwitter20-04-03.zip geoTwitter20-04-03/geoTwitter20-04-03_21:00
2022-03-04 17:08:34.673458 /data/tweets_corona/geoTwitter20-04-03.zip geoTwitter20-04-03/geoTwitter20-04-03_22:00
2022-03-04 17:08:51.410959 /data/tweets_corona/geoTwitter20-04-03.zip geoTwitter20-04-03/geoTwitter20-04-03_23:00
saving outputs/geoTwitter20-04-03.zip.lang
saving outputs/geoTwitter20-04-03.zip.country
2022-03-04 17:10:19.261867 /data/tweets_corona/geoTwitter20-04-01.zip geoTwitter20-04-01/geoTwitter20-04-01_00:00
2022-03-04 17:10:35.729695 /data/tweets_corona/geoTwitter20-04-01.zip geoTwitter20-04-01/geoTwitter20-04-01_01:00
2022-03-04 17:10:52.010943 /data/tweets_corona/geoTwitter20-04-01.zip geoTwitter20-04-01/geoTwitter20-04-01_02:00
2022-03-04 17:11:07.367739 /data/tweets_corona/geoTwitter20-04-01.zip geoTwitter20-04-01/geoTwitter20-04-01_03:00
2022-03-04 17:11:23.438986 /data/tweets_corona/geoTwitter20-04-01.zip geoTwitter20-04-01/geoTwitter20-04-01_04:00
2022-03-04 17:11:40.575374 /data/tweets_corona/geoTwitter20-04-01.zip geoTwitter20-04-01/geoTwitter20-04-01_05:00
2022-03-04 17:11:56.643988 /data/tweets_corona/geoTwitter20-04-01.zip geoTwitter20-04-01/geoTwitter20-04-01_06:00
2022-03-04 17:12:11.271759 /data/tweets_corona/geoTwitter20-04-01.zip geoTwitter20-04-01/geoTwitter20-04-01_07:00
2022-03-04 17:12:25.275338 /data/tweets_corona/geoTwitter20-04-01.zip geoTwitter20-04-01/geoTwitter20-04-01_08:00
2022-03-04 17:12:38.931680 /data/tweets_corona/geoTwitter20-04-01.zip geoTwitter20-04-01/geoTwitter20-04-01_09:00
2022-03-04 17:12:53.089308 /data/tweets_corona/geoTwitter20-04-01.zip geoTwitter20-04-01/geoTwitter20-04-01_10:00
2022-03-04 17:13:08.317356 /data/tweets_corona/geoTwitter20-04-01.zip geoTwitter20-04-01/geoTwitter20-04-01_11:00
2022-03-04 17:13:24.903895 /data/tweets_corona/geoTwitter20-04-01.zip geoTwitter20-04-01/geoTwitter20-04-01_12:00
2022-03-04 17:13:42.463168 /data/tweets_corona/geoTwitter20-04-01.zip geoTwitter20-04-01/geoTwitter20-04-01_13:00
2022-03-04 17:14:00.389833 /data/tweets_corona/geoTwitter20-04-01.zip geoTwitter20-04-01/geoTwitter20-04-01_14:00
2022-03-04 17:14:18.073739 /data/tweets_corona/geoTwitter20-04-01.zip geoTwitter20-04-01/geoTwitter20-04-01_15:00
2022-03-04 17:14:35.710450 /data/tweets_corona/geoTwitter20-04-01.zip geoTwitter20-04-01/geoTwitter20-04-01_16:00
2022-03-04 17:14:53.336226 /data/tweets_corona/geoTwitter20-04-01.zip geoTwitter20-04-01/geoTwitter20-04-01_17:00
2022-03-04 17:15:11.127043 /data/tweets_corona/geoTwitter20-04-01.zip geoTwitter20-04-01/geoTwitter20-04-01_18:00
2022-03-04 17:15:28.700959 /data/tweets_corona/geoTwitter20-04-01.zip geoTwitter20-04-01/geoTwitter20-04-01_19:00
2022-03-04 17:15:46.977827 /data/tweets_corona/geoTwitter20-04-01.zip geoTwitter20-04-01/geoTwitter20-04-01_20:00
2022-03-04 17:16:04.972285 /data/tweets_corona/geoTwitter20-04-01.zip geoTwitter20-04-01/geoTwitter20-04-01_21:00
2022-03-04 17:16:22.895179 /data/tweets_corona/geoTwitter20-04-01.zip geoTwitter20-04-01/geoTwitter20-04-01_22:00
2022-03-04 17:16:40.681060 /data/tweets_corona/geoTwitter20-04-01.zip geoTwitter20-04-01/geoTwitter20-04-01_23:00
saving outputs/geoTwitter20-04-01.zip.lang
saving outputs/geoTwitter20-04-01.zip.country
2022-03-04 17:10:15.937662 /data/tweets_corona/geoTwitter20-04-02.zip geoTwitter20-04-02/geoTwitter20-04-02_00:00
2022-03-04 17:10:32.653126 /data/tweets_corona/geoTwitter20-04-02.zip geoTwitter20-04-02/geoTwitter20-04-02_01:00
2022-03-04 17:10:49.257829 /data/tweets_corona/geoTwitter20-04-02.zip geoTwitter20-04-02/geoTwitter20-04-02_02:00
2022-03-04 17:11:05.858216 /data/tweets_corona/geoTwitter20-04-02.zip geoTwitter20-04-02/geoTwitter20-04-02_03:00
2022-03-04 17:11:22.729406 /data/tweets_corona/geoTwitter20-04-02.zip geoTwitter20-04-02/geoTwitter20-04-02_04:00
2022-03-04 17:11:39.794400 /data/tweets_corona/geoTwitter20-04-02.zip geoTwitter20-04-02/geoTwitter20-04-02_05:00
2022-03-04 17:11:56.071827 /data/tweets_corona/geoTwitter20-04-02.zip geoTwitter20-04-02/geoTwitter20-04-02_06:00
2022-03-04 17:12:11.270217 /data/tweets_corona/geoTwitter20-04-02.zip geoTwitter20-04-02/geoTwitter20-04-02_07:00
2022-03-04 17:12:26.603838 /data/tweets_corona/geoTwitter20-04-02.zip geoTwitter20-04-02/geoTwitter20-04-02_08:00
2022-03-04 17:12:41.094614 /data/tweets_corona/geoTwitter20-04-02.zip geoTwitter20-04-02/geoTwitter20-04-02_09:00
2022-03-04 17:12:55.487963 /data/tweets_corona/geoTwitter20-04-02.zip geoTwitter20-04-02/geoTwitter20-04-02_10:00
2022-03-04 17:13:10.603441 /data/tweets_corona/geoTwitter20-04-02.zip geoTwitter20-04-02/geoTwitter20-04-02_11:00
2022-03-04 17:13:27.441628 /data/tweets_corona/geoTwitter20-04-02.zip geoTwitter20-04-02/geoTwitter20-04-02_12:00
2022-03-04 17:13:44.999119 /data/tweets_corona/geoTwitter20-04-02.zip geoTwitter20-04-02/geoTwitter20-04-02_13:00
2022-03-04 17:14:02.741974 /data/tweets_corona/geoTwitter20-04-02.zip geoTwitter20-04-02/geoTwitter20-04-02_14:00
2022-03-04 17:14:20.479559 /data/tweets_corona/geoTwitter20-04-02.zip geoTwitter20-04-02/geoTwitter20-04-02_15:00
2022-03-04 17:14:38.056063 /data/tweets_corona/geoTwitter20-04-02.zip geoTwitter20-04-02/geoTwitter20-04-02_16:00
2022-03-04 17:14:55.789207 /data/tweets_corona/geoTwitter20-04-02.zip geoTwitter20-04-02/geoTwitter20-04-02_17:00
2022-03-04 17:15:13.686292 /data/tweets_corona/geoTwitter20-04-02.zip geoTwitter20-04-02/geoTwitter20-04-02_18:00
2022-03-04 17:15:31.685359 /data/tweets_corona/geoTwitter20-04-02.zip geoTwitter20-04-02/geoTwitter20-04-02_19:00
2022-03-04 17:15:49.023598 /data/tweets_corona/geoTwitter20-04-02.zip geoTwitter20-04-02/geoTwitter20-04-02_20:00
2022-03-04 17:16:07.166156 /data/tweets_corona/geoTwitter20-04-02.zip geoTwitter20-04-02/geoTwitter20-04-02_21:00
2022-03-04 17:16:24.597551 /data/tweets_corona/geoTwitter20-04-02.zip geoTwitter20-04-02/geoTwitter20-04-02_22:00
2022-03-04 17:16:41.726253 /data/tweets_corona/geoTwitter20-04-02.zip geoTwitter20-04-02/geoTwitter20-04-02_23:00
saving outputs/geoTwitter20-04-02.zip.lang
saving outputs/geoTwitter20-04-02.zip.country
2022-03-04 17:11:15.207634 /data/tweets_corona/geoTwitter20-03-31.zip geoTwitter20-03-31/geoTwitter20-03-31_00:00
2022-03-04 17:11:32.556376 /data/tweets_corona/geoTwitter20-03-31.zip geoTwitter20-03-31/geoTwitter20-03-31_01:00
2022-03-04 17:11:50.433859 /data/tweets_corona/geoTwitter20-03-31.zip geoTwitter20-03-31/geoTwitter20-03-31_02:00
2022-03-04 17:12:07.882604 /data/tweets_corona/geoTwitter20-03-31.zip geoTwitter20-03-31/geoTwitter20-03-31_03:00
2022-03-04 17:12:25.277752 /data/tweets_corona/geoTwitter20-03-31.zip geoTwitter20-03-31/geoTwitter20-03-31_04:00
2022-03-04 17:12:42.435708 /data/tweets_corona/geoTwitter20-03-31.zip geoTwitter20-03-31/geoTwitter20-03-31_05:00
2022-03-04 17:12:58.246140 /data/tweets_corona/geoTwitter20-03-31.zip geoTwitter20-03-31/geoTwitter20-03-31_06:00
2022-03-04 17:13:14.006947 /data/tweets_corona/geoTwitter20-03-31.zip geoTwitter20-03-31/geoTwitter20-03-31_07:00
2022-03-04 17:13:28.862419 /data/tweets_corona/geoTwitter20-03-31.zip geoTwitter20-03-31/geoTwitter20-03-31_08:00
2022-03-04 17:13:43.159095 /data/tweets_corona/geoTwitter20-03-31.zip geoTwitter20-03-31/geoTwitter20-03-31_09:00
2022-03-04 17:13:57.645116 /data/tweets_corona/geoTwitter20-03-31.zip geoTwitter20-03-31/geoTwitter20-03-31_10:00
2022-03-04 17:14:13.184665 /data/tweets_corona/geoTwitter20-03-31.zip geoTwitter20-03-31/geoTwitter20-03-31_11:00
2022-03-04 17:14:30.126946 /data/tweets_corona/geoTwitter20-03-31.zip geoTwitter20-03-31/geoTwitter20-03-31_12:00
2022-03-04 17:14:47.965214 /data/tweets_corona/geoTwitter20-03-31.zip geoTwitter20-03-31/geoTwitter20-03-31_13:00
2022-03-04 17:15:05.984406 /data/tweets_corona/geoTwitter20-03-31.zip geoTwitter20-03-31/geoTwitter20-03-31_14:00
2022-03-04 17:15:24.075754 /data/tweets_corona/geoTwitter20-03-31.zip geoTwitter20-03-31/geoTwitter20-03-31_15:00
2022-03-04 17:15:42.548832 /data/tweets_corona/geoTwitter20-03-31.zip geoTwitter20-03-31/geoTwitter20-03-31_16:00
2022-03-04 17:16:00.567619 /data/tweets_corona/geoTwitter20-03-31.zip geoTwitter20-03-31/geoTwitter20-03-31_17:00
2022-03-04 17:16:17.113874 /data/tweets_corona/geoTwitter20-03-31.zip geoTwitter20-03-31/geoTwitter20-03-31_18:00
2022-03-04 17:16:35.011576 /data/tweets_corona/geoTwitter20-03-31.zip geoTwitter20-03-31/geoTwitter20-03-31_19:00
2022-03-04 17:16:53.256232 /data/tweets_corona/geoTwitter20-03-31.zip geoTwitter20-03-31/geoTwitter20-03-31_20:00
2022-03-04 17:17:10.973358 /data/tweets_corona/geoTwitter20-03-31.zip geoTwitter20-03-31/geoTwitter20-03-31_21:00
2022-03-04 17:17:29.863473 /data/tweets_corona/geoTwitter20-03-31.zip geoTwitter20-03-31/geoTwitter20-03-31_22:00
2022-03-04 17:17:48.441003 /data/tweets_corona/geoTwitter20-03-31.zip geoTwitter20-03-31/geoTwitter20-03-31_23:00
saving outputs/geoTwitter20-03-31.zip.lang
saving outputs/geoTwitter20-03-31.zip.country
2022-03-04 17:11:28.551250 /data/tweets_corona/geoTwitter20-03-28.zip geoTwitter20-03-28/geoTwitter20-03-28_00:00
2022-03-04 17:11:45.818662 /data/tweets_corona/geoTwitter20-03-28.zip geoTwitter20-03-28/geoTwitter20-03-28_01:00
2022-03-04 17:12:02.867354 /data/tweets_corona/geoTwitter20-03-28.zip geoTwitter20-03-28/geoTwitter20-03-28_02:00
2022-03-04 17:12:19.718582 /data/tweets_corona/geoTwitter20-03-28.zip geoTwitter20-03-28/geoTwitter20-03-28_03:00
2022-03-04 17:12:36.721600 /data/tweets_corona/geoTwitter20-03-28.zip geoTwitter20-03-28/geoTwitter20-03-28_04:00
2022-03-04 17:12:53.015204 /data/tweets_corona/geoTwitter20-03-28.zip geoTwitter20-03-28/geoTwitter20-03-28_05:00
2022-03-04 17:13:08.612791 /data/tweets_corona/geoTwitter20-03-28.zip geoTwitter20-03-28/geoTwitter20-03-28_06:00
2022-03-04 17:13:23.337798 /data/tweets_corona/geoTwitter20-03-28.zip geoTwitter20-03-28/geoTwitter20-03-28_07:00
2022-03-04 17:13:37.325964 /data/tweets_corona/geoTwitter20-03-28.zip geoTwitter20-03-28/geoTwitter20-03-28_08:00
2022-03-04 17:13:51.276635 /data/tweets_corona/geoTwitter20-03-28.zip geoTwitter20-03-28/geoTwitter20-03-28_09:00
2022-03-04 17:14:05.712799 /data/tweets_corona/geoTwitter20-03-28.zip geoTwitter20-03-28/geoTwitter20-03-28_10:00
2022-03-04 17:14:20.644199 /data/tweets_corona/geoTwitter20-03-28.zip geoTwitter20-03-28/geoTwitter20-03-28_11:00
2022-03-04 17:14:36.920052 /data/tweets_corona/geoTwitter20-03-28.zip geoTwitter20-03-28/geoTwitter20-03-28_12:00
2022-03-04 17:14:54.202824 /data/tweets_corona/geoTwitter20-03-28.zip geoTwitter20-03-28/geoTwitter20-03-28_13:00
2022-03-04 17:15:11.518125 /data/tweets_corona/geoTwitter20-03-28.zip geoTwitter20-03-28/geoTwitter20-03-28_14:00
2022-03-04 17:15:27.630138 /data/tweets_corona/geoTwitter20-03-28.zip geoTwitter20-03-28/geoTwitter20-03-28_15:00
2022-03-04 17:15:44.694214 /data/tweets_corona/geoTwitter20-03-28.zip geoTwitter20-03-28/geoTwitter20-03-28_16:00
2022-03-04 17:16:03.064568 /data/tweets_corona/geoTwitter20-03-28.zip geoTwitter20-03-28/geoTwitter20-03-28_17:00
2022-03-04 17:16:21.308040 /data/tweets_corona/geoTwitter20-03-28.zip geoTwitter20-03-28/geoTwitter20-03-28_18:00
2022-03-04 17:16:39.039372 /data/tweets_corona/geoTwitter20-03-28.zip geoTwitter20-03-28/geoTwitter20-03-28_19:00
2022-03-04 17:16:56.830489 /data/tweets_corona/geoTwitter20-03-28.zip geoTwitter20-03-28/geoTwitter20-03-28_20:00
2022-03-04 17:17:14.193443 /data/tweets_corona/geoTwitter20-03-28.zip geoTwitter20-03-28/geoTwitter20-03-28_21:00
2022-03-04 17:17:31.517218 /data/tweets_corona/geoTwitter20-03-28.zip geoTwitter20-03-28/geoTwitter20-03-28_22:00
2022-03-04 17:17:48.956865 /data/tweets_corona/geoTwitter20-03-28.zip geoTwitter20-03-28/geoTwitter20-03-28_23:00
saving outputs/geoTwitter20-03-28.zip.lang
saving outputs/geoTwitter20-03-28.zip.country
2022-03-04 17:11:24.226504 /data/tweets_corona/geoTwitter20-03-29.zip geoTwitter20-03-29/geoTwitter20-03-29_00:00
2022-03-04 17:11:41.473693 /data/tweets_corona/geoTwitter20-03-29.zip geoTwitter20-03-29/geoTwitter20-03-29_01:00
2022-03-04 17:11:58.585934 /data/tweets_corona/geoTwitter20-03-29.zip geoTwitter20-03-29/geoTwitter20-03-29_02:00
2022-03-04 17:12:15.509895 /data/tweets_corona/geoTwitter20-03-29.zip geoTwitter20-03-29/geoTwitter20-03-29_03:00
2022-03-04 17:12:32.531414 /data/tweets_corona/geoTwitter20-03-29.zip geoTwitter20-03-29/geoTwitter20-03-29_04:00
2022-03-04 17:12:49.105700 /data/tweets_corona/geoTwitter20-03-29.zip geoTwitter20-03-29/geoTwitter20-03-29_05:00
2022-03-04 17:13:05.206884 /data/tweets_corona/geoTwitter20-03-29.zip geoTwitter20-03-29/geoTwitter20-03-29_06:00
2022-03-04 17:13:20.523403 /data/tweets_corona/geoTwitter20-03-29.zip geoTwitter20-03-29/geoTwitter20-03-29_07:00
2022-03-04 17:13:35.295857 /data/tweets_corona/geoTwitter20-03-29.zip geoTwitter20-03-29/geoTwitter20-03-29_08:00
2022-03-04 17:13:49.960247 /data/tweets_corona/geoTwitter20-03-29.zip geoTwitter20-03-29/geoTwitter20-03-29_09:00
2022-03-04 17:14:04.662988 /data/tweets_corona/geoTwitter20-03-29.zip geoTwitter20-03-29/geoTwitter20-03-29_10:00
2022-03-04 17:14:19.953612 /data/tweets_corona/geoTwitter20-03-29.zip geoTwitter20-03-29/geoTwitter20-03-29_11:00
2022-03-04 17:14:36.344702 /data/tweets_corona/geoTwitter20-03-29.zip geoTwitter20-03-29/geoTwitter20-03-29_12:00
2022-03-04 17:14:53.693925 /data/tweets_corona/geoTwitter20-03-29.zip geoTwitter20-03-29/geoTwitter20-03-29_13:00
2022-03-04 17:15:11.189053 /data/tweets_corona/geoTwitter20-03-29.zip geoTwitter20-03-29/geoTwitter20-03-29_14:00
2022-03-04 17:15:28.801207 /data/tweets_corona/geoTwitter20-03-29.zip geoTwitter20-03-29/geoTwitter20-03-29_15:00
2022-03-04 17:15:47.065788 /data/tweets_corona/geoTwitter20-03-29.zip geoTwitter20-03-29/geoTwitter20-03-29_16:00
2022-03-04 17:16:04.742031 /data/tweets_corona/geoTwitter20-03-29.zip geoTwitter20-03-29/geoTwitter20-03-29_17:00
2022-03-04 17:16:22.792083 /data/tweets_corona/geoTwitter20-03-29.zip geoTwitter20-03-29/geoTwitter20-03-29_18:00
2022-03-04 17:16:40.462707 /data/tweets_corona/geoTwitter20-03-29.zip geoTwitter20-03-29/geoTwitter20-03-29_19:00
2022-03-04 17:16:58.152047 /data/tweets_corona/geoTwitter20-03-29.zip geoTwitter20-03-29/geoTwitter20-03-29_20:00
2022-03-04 17:17:15.628444 /data/tweets_corona/geoTwitter20-03-29.zip geoTwitter20-03-29/geoTwitter20-03-29_21:00
2022-03-04 17:17:33.045167 /data/tweets_corona/geoTwitter20-03-29.zip geoTwitter20-03-29/geoTwitter20-03-29_22:00
2022-03-04 17:17:50.495522 /data/tweets_corona/geoTwitter20-03-29.zip geoTwitter20-03-29/geoTwitter20-03-29_23:00
saving outputs/geoTwitter20-03-29.zip.lang
saving outputs/geoTwitter20-03-29.zip.country
2022-03-04 17:11:18.665888 /data/tweets_corona/geoTwitter20-03-30.zip geoTwitter20-03-30/geoTwitter20-03-30_00:00
2022-03-04 17:11:35.668007 /data/tweets_corona/geoTwitter20-03-30.zip geoTwitter20-03-30/geoTwitter20-03-30_01:00
2022-03-04 17:11:52.785483 /data/tweets_corona/geoTwitter20-03-30.zip geoTwitter20-03-30/geoTwitter20-03-30_02:00
2022-03-04 17:12:08.825191 /data/tweets_corona/geoTwitter20-03-30.zip geoTwitter20-03-30/geoTwitter20-03-30_03:00
2022-03-04 17:12:25.585421 /data/tweets_corona/geoTwitter20-03-30.zip geoTwitter20-03-30/geoTwitter20-03-30_04:00
2022-03-04 17:12:42.788864 /data/tweets_corona/geoTwitter20-03-30.zip geoTwitter20-03-30/geoTwitter20-03-30_05:00
2022-03-04 17:12:58.954199 /data/tweets_corona/geoTwitter20-03-30.zip geoTwitter20-03-30/geoTwitter20-03-30_06:00
2022-03-04 17:13:13.938492 /data/tweets_corona/geoTwitter20-03-30.zip geoTwitter20-03-30/geoTwitter20-03-30_07:00
2022-03-04 17:13:28.445828 /data/tweets_corona/geoTwitter20-03-30.zip geoTwitter20-03-30/geoTwitter20-03-30_08:00
2022-03-04 17:13:42.120543 /data/tweets_corona/geoTwitter20-03-30.zip geoTwitter20-03-30/geoTwitter20-03-30_09:00
2022-03-04 17:13:57.269543 /data/tweets_corona/geoTwitter20-03-30.zip geoTwitter20-03-30/geoTwitter20-03-30_10:00
2022-03-04 17:14:14.629945 /data/tweets_corona/geoTwitter20-03-30.zip geoTwitter20-03-30/geoTwitter20-03-30_11:00
2022-03-04 17:14:33.634902 /data/tweets_corona/geoTwitter20-03-30.zip geoTwitter20-03-30/geoTwitter20-03-30_12:00
2022-03-04 17:14:53.726779 /data/tweets_corona/geoTwitter20-03-30.zip geoTwitter20-03-30/geoTwitter20-03-30_13:00
2022-03-04 17:15:14.104794 /data/tweets_corona/geoTwitter20-03-30.zip geoTwitter20-03-30/geoTwitter20-03-30_14:00
2022-03-04 17:15:34.866748 /data/tweets_corona/geoTwitter20-03-30.zip geoTwitter20-03-30/geoTwitter20-03-30_15:00
2022-03-04 17:15:54.361115 /data/tweets_corona/geoTwitter20-03-30.zip geoTwitter20-03-30/geoTwitter20-03-30_16:00
2022-03-04 17:16:12.412219 /data/tweets_corona/geoTwitter20-03-30.zip geoTwitter20-03-30/geoTwitter20-03-30_17:00
2022-03-04 17:16:30.258042 /data/tweets_corona/geoTwitter20-03-30.zip geoTwitter20-03-30/geoTwitter20-03-30_18:00
2022-03-04 17:16:48.217679 /data/tweets_corona/geoTwitter20-03-30.zip geoTwitter20-03-30/geoTwitter20-03-30_19:00
2022-03-04 17:17:05.917089 /data/tweets_corona/geoTwitter20-03-30.zip geoTwitter20-03-30/geoTwitter20-03-30_20:00
2022-03-04 17:17:22.852658 /data/tweets_corona/geoTwitter20-03-30.zip geoTwitter20-03-30/geoTwitter20-03-30_21:00
2022-03-04 17:17:39.641924 /data/tweets_corona/geoTwitter20-03-30.zip geoTwitter20-03-30/geoTwitter20-03-30_22:00
2022-03-04 17:17:56.606394 /data/tweets_corona/geoTwitter20-03-30.zip geoTwitter20-03-30/geoTwitter20-03-30_23:00
saving outputs/geoTwitter20-03-30.zip.lang
saving outputs/geoTwitter20-03-30.zip.country
2022-03-04 17:11:33.570360 /data/tweets_corona/geoTwitter20-03-27.zip geoTwitter20-03-27/geoTwitter20-03-27_00:00
2022-03-04 17:11:51.043019 /data/tweets_corona/geoTwitter20-03-27.zip geoTwitter20-03-27/geoTwitter20-03-27_01:00
2022-03-04 17:12:08.266001 /data/tweets_corona/geoTwitter20-03-27.zip geoTwitter20-03-27/geoTwitter20-03-27_02:00
2022-03-04 17:12:24.746830 /data/tweets_corona/geoTwitter20-03-27.zip geoTwitter20-03-27/geoTwitter20-03-27_03:00
2022-03-04 17:12:42.445124 /data/tweets_corona/geoTwitter20-03-27.zip geoTwitter20-03-27/geoTwitter20-03-27_04:00
2022-03-04 17:12:59.264353 /data/tweets_corona/geoTwitter20-03-27.zip geoTwitter20-03-27/geoTwitter20-03-27_05:00
2022-03-04 17:13:14.846170 /data/tweets_corona/geoTwitter20-03-27.zip geoTwitter20-03-27/geoTwitter20-03-27_06:00
2022-03-04 17:13:29.692351 /data/tweets_corona/geoTwitter20-03-27.zip geoTwitter20-03-27/geoTwitter20-03-27_07:00
2022-03-04 17:13:44.469465 /data/tweets_corona/geoTwitter20-03-27.zip geoTwitter20-03-27/geoTwitter20-03-27_08:00
2022-03-04 17:13:58.885552 /data/tweets_corona/geoTwitter20-03-27.zip geoTwitter20-03-27/geoTwitter20-03-27_09:00
2022-03-04 17:14:13.889458 /data/tweets_corona/geoTwitter20-03-27.zip geoTwitter20-03-27/geoTwitter20-03-27_10:00
2022-03-04 17:14:29.683439 /data/tweets_corona/geoTwitter20-03-27.zip geoTwitter20-03-27/geoTwitter20-03-27_11:00
2022-03-04 17:14:46.836685 /data/tweets_corona/geoTwitter20-03-27.zip geoTwitter20-03-27/geoTwitter20-03-27_12:00
2022-03-04 17:15:04.567576 /data/tweets_corona/geoTwitter20-03-27.zip geoTwitter20-03-27/geoTwitter20-03-27_13:00
2022-03-04 17:15:22.263696 /data/tweets_corona/geoTwitter20-03-27.zip geoTwitter20-03-27/geoTwitter20-03-27_14:00
2022-03-04 17:15:40.245317 /data/tweets_corona/geoTwitter20-03-27.zip geoTwitter20-03-27/geoTwitter20-03-27_15:00
2022-03-04 17:15:57.967800 /data/tweets_corona/geoTwitter20-03-27.zip geoTwitter20-03-27/geoTwitter20-03-27_16:00
2022-03-04 17:16:16.728059 /data/tweets_corona/geoTwitter20-03-27.zip geoTwitter20-03-27/geoTwitter20-03-27_17:00
2022-03-04 17:16:35.046404 /data/tweets_corona/geoTwitter20-03-27.zip geoTwitter20-03-27/geoTwitter20-03-27_18:00
2022-03-04 17:16:53.079594 /data/tweets_corona/geoTwitter20-03-27.zip geoTwitter20-03-27/geoTwitter20-03-27_19:00
2022-03-04 17:17:11.308197 /data/tweets_corona/geoTwitter20-03-27.zip geoTwitter20-03-27/geoTwitter20-03-27_20:00
2022-03-04 17:17:28.879531 /data/tweets_corona/geoTwitter20-03-27.zip geoTwitter20-03-27/geoTwitter20-03-27_21:00
2022-03-04 17:17:46.421185 /data/tweets_corona/geoTwitter20-03-27.zip geoTwitter20-03-27/geoTwitter20-03-27_22:00
2022-03-04 17:18:04.100903 /data/tweets_corona/geoTwitter20-03-27.zip geoTwitter20-03-27/geoTwitter20-03-27_23:00
saving outputs/geoTwitter20-03-27.zip.lang
saving outputs/geoTwitter20-03-27.zip.country
2022-03-04 21:16:34.125614 /data/tweets_corona/geoTwitter20-03-22.zip geoTwitter20-03-22/geoTwitter20-03-22_00:00
2022-03-04 21:16:51.964488 /data/tweets_corona/geoTwitter20-03-22.zip geoTwitter20-03-22/geoTwitter20-03-22_01:00
2022-03-04 21:17:09.415761 /data/tweets_corona/geoTwitter20-03-22.zip geoTwitter20-03-22/geoTwitter20-03-22_02:00
2022-03-04 21:17:27.120904 /data/tweets_corona/geoTwitter20-03-22.zip geoTwitter20-03-22/geoTwitter20-03-22_03:00
2022-03-04 21:17:44.896590 /data/tweets_corona/geoTwitter20-03-22.zip geoTwitter20-03-22/geoTwitter20-03-22_04:00
2022-03-04 21:18:02.232003 /data/tweets_corona/geoTwitter20-03-22.zip geoTwitter20-03-22/geoTwitter20-03-22_05:00
2022-03-04 21:18:18.768014 /data/tweets_corona/geoTwitter20-03-22.zip geoTwitter20-03-22/geoTwitter20-03-22_06:00
2022-03-04 21:18:34.350626 /data/tweets_corona/geoTwitter20-03-22.zip geoTwitter20-03-22/geoTwitter20-03-22_07:00
2022-03-04 21:18:49.312357 /data/tweets_corona/geoTwitter20-03-22.zip geoTwitter20-03-22/geoTwitter20-03-22_08:00
2022-03-04 21:19:04.465483 /data/tweets_corona/geoTwitter20-03-22.zip geoTwitter20-03-22/geoTwitter20-03-22_09:00
2022-03-04 21:19:19.866167 /data/tweets_corona/geoTwitter20-03-22.zip geoTwitter20-03-22/geoTwitter20-03-22_10:00
2022-03-04 21:19:36.296851 /data/tweets_corona/geoTwitter20-03-22.zip geoTwitter20-03-22/geoTwitter20-03-22_11:00
2022-03-04 21:19:54.316540 /data/tweets_corona/geoTwitter20-03-22.zip geoTwitter20-03-22/geoTwitter20-03-22_12:00
2022-03-04 21:20:13.299369 /data/tweets_corona/geoTwitter20-03-22.zip geoTwitter20-03-22/geoTwitter20-03-22_13:00
2022-03-04 21:20:23.919162 /data/tweets_corona/geoTwitter20-03-22.zip geoTwitter20-03-22/geoTwitter20-03-22_14:00
2022-03-04 21:20:23.919236 /data/tweets_corona/geoTwitter20-03-22.zip geoTwitter20-03-22/geoTwitter20-03-22_15:00
2022-03-04 21:20:29.991086 /data/tweets_corona/geoTwitter20-03-22.zip geoTwitter20-03-22/geoTwitter20-03-22_16:00
2022-03-04 21:20:48.878045 /data/tweets_corona/geoTwitter20-03-22.zip geoTwitter20-03-22/geoTwitter20-03-22_17:00
2022-03-04 21:21:07.621353 /data/tweets_corona/geoTwitter20-03-22.zip geoTwitter20-03-22/geoTwitter20-03-22_18:00
2022-03-04 21:21:24.520644 /data/tweets_corona/geoTwitter20-03-22.zip geoTwitter20-03-22/geoTwitter20-03-22_19:00
2022-03-04 21:21:42.761077 /data/tweets_corona/geoTwitter20-03-22.zip geoTwitter20-03-22/geoTwitter20-03-22_20:00
2022-03-04 21:22:01.121831 /data/tweets_corona/geoTwitter20-03-22.zip geoTwitter20-03-22/geoTwitter20-03-22_21:00
2022-03-04 21:22:19.428775 /data/tweets_corona/geoTwitter20-03-22.zip geoTwitter20-03-22/geoTwitter20-03-22_22:00
2022-03-04 21:22:38.036898 /data/tweets_corona/geoTwitter20-03-22.zip geoTwitter20-03-22/geoTwitter20-03-22_23:00
saving outputs/geoTwitter20-03-22.zip.lang
saving outputs/geoTwitter20-03-22.zip.country
2022-03-04 21:16:20.190213 /data/tweets_corona/geoTwitter20-03-26.zip geoTwitter20-03-26/geoTwitter20-03-26_00:00
2022-03-04 21:16:37.475531 /data/tweets_corona/geoTwitter20-03-26.zip geoTwitter20-03-26/geoTwitter20-03-26_01:00
2022-03-04 21:16:55.180753 /data/tweets_corona/geoTwitter20-03-26.zip geoTwitter20-03-26/geoTwitter20-03-26_02:00
2022-03-04 21:17:12.749705 /data/tweets_corona/geoTwitter20-03-26.zip geoTwitter20-03-26/geoTwitter20-03-26_03:00
2022-03-04 21:17:30.600503 /data/tweets_corona/geoTwitter20-03-26.zip geoTwitter20-03-26/geoTwitter20-03-26_04:00
2022-03-04 21:17:47.826786 /data/tweets_corona/geoTwitter20-03-26.zip geoTwitter20-03-26/geoTwitter20-03-26_05:00
2022-03-04 21:18:04.161356 /data/tweets_corona/geoTwitter20-03-26.zip geoTwitter20-03-26/geoTwitter20-03-26_06:00
2022-03-04 21:18:19.334977 /data/tweets_corona/geoTwitter20-03-26.zip geoTwitter20-03-26/geoTwitter20-03-26_07:00
2022-03-04 21:18:34.023363 /data/tweets_corona/geoTwitter20-03-26.zip geoTwitter20-03-26/geoTwitter20-03-26_08:00
2022-03-04 21:18:48.610163 /data/tweets_corona/geoTwitter20-03-26.zip geoTwitter20-03-26/geoTwitter20-03-26_09:00
2022-03-04 21:19:03.475771 /data/tweets_corona/geoTwitter20-03-26.zip geoTwitter20-03-26/geoTwitter20-03-26_10:00
2022-03-04 21:19:19.276444 /data/tweets_corona/geoTwitter20-03-26.zip geoTwitter20-03-26/geoTwitter20-03-26_11:00
2022-03-04 21:19:36.637296 /data/tweets_corona/geoTwitter20-03-26.zip geoTwitter20-03-26/geoTwitter20-03-26_12:00
2022-03-04 21:19:54.640307 /data/tweets_corona/geoTwitter20-03-26.zip geoTwitter20-03-26/geoTwitter20-03-26_13:00
2022-03-04 21:20:12.885573 /data/tweets_corona/geoTwitter20-03-26.zip geoTwitter20-03-26/geoTwitter20-03-26_14:00
2022-03-04 21:20:31.614823 /data/tweets_corona/geoTwitter20-03-26.zip geoTwitter20-03-26/geoTwitter20-03-26_15:00
2022-03-04 21:20:49.946385 /data/tweets_corona/geoTwitter20-03-26.zip geoTwitter20-03-26/geoTwitter20-03-26_16:00
2022-03-04 21:21:08.162392 /data/tweets_corona/geoTwitter20-03-26.zip geoTwitter20-03-26/geoTwitter20-03-26_17:00
2022-03-04 21:21:26.225143 /data/tweets_corona/geoTwitter20-03-26.zip geoTwitter20-03-26/geoTwitter20-03-26_18:00
2022-03-04 21:21:44.222307 /data/tweets_corona/geoTwitter20-03-26.zip geoTwitter20-03-26/geoTwitter20-03-26_19:00
2022-03-04 21:22:02.591888 /data/tweets_corona/geoTwitter20-03-26.zip geoTwitter20-03-26/geoTwitter20-03-26_20:00
2022-03-04 21:22:21.122846 /data/tweets_corona/geoTwitter20-03-26.zip geoTwitter20-03-26/geoTwitter20-03-26_21:00
2022-03-04 21:22:39.425876 /data/tweets_corona/geoTwitter20-03-26.zip geoTwitter20-03-26/geoTwitter20-03-26_22:00
2022-03-04 21:22:57.371428 /data/tweets_corona/geoTwitter20-03-26.zip geoTwitter20-03-26/geoTwitter20-03-26_23:00
saving outputs/geoTwitter20-03-26.zip.lang
saving outputs/geoTwitter20-03-26.zip.country
2022-03-04 21:16:26.944611 /data/tweets_corona/geoTwitter20-03-24.zip geoTwitter20-03-24/geoTwitter20-03-24_00:00
2022-03-04 21:16:44.910863 /data/tweets_corona/geoTwitter20-03-24.zip geoTwitter20-03-24/geoTwitter20-03-24_01:00
2022-03-04 21:17:02.474059 /data/tweets_corona/geoTwitter20-03-24.zip geoTwitter20-03-24/geoTwitter20-03-24_02:00
2022-03-04 21:17:19.775161 /data/tweets_corona/geoTwitter20-03-24.zip geoTwitter20-03-24/geoTwitter20-03-24_03:00
2022-03-04 21:17:37.419426 /data/tweets_corona/geoTwitter20-03-24.zip geoTwitter20-03-24/geoTwitter20-03-24_04:00
2022-03-04 21:17:54.517368 /data/tweets_corona/geoTwitter20-03-24.zip geoTwitter20-03-24/geoTwitter20-03-24_05:00
2022-03-04 21:18:10.781874 /data/tweets_corona/geoTwitter20-03-24.zip geoTwitter20-03-24/geoTwitter20-03-24_06:00
2022-03-04 21:18:26.017581 /data/tweets_corona/geoTwitter20-03-24.zip geoTwitter20-03-24/geoTwitter20-03-24_07:00
2022-03-04 21:18:40.609122 /data/tweets_corona/geoTwitter20-03-24.zip geoTwitter20-03-24/geoTwitter20-03-24_08:00
2022-03-04 21:18:55.036722 /data/tweets_corona/geoTwitter20-03-24.zip geoTwitter20-03-24/geoTwitter20-03-24_09:00
2022-03-04 21:19:09.585461 /data/tweets_corona/geoTwitter20-03-24.zip geoTwitter20-03-24/geoTwitter20-03-24_10:00
2022-03-04 21:19:25.590402 /data/tweets_corona/geoTwitter20-03-24.zip geoTwitter20-03-24/geoTwitter20-03-24_11:00
2022-03-04 21:19:43.000872 /data/tweets_corona/geoTwitter20-03-24.zip geoTwitter20-03-24/geoTwitter20-03-24_12:00
2022-03-04 21:20:01.096860 /data/tweets_corona/geoTwitter20-03-24.zip geoTwitter20-03-24/geoTwitter20-03-24_13:00
2022-03-04 21:20:20.179219 /data/tweets_corona/geoTwitter20-03-24.zip geoTwitter20-03-24/geoTwitter20-03-24_14:00
2022-03-04 21:20:38.782307 /data/tweets_corona/geoTwitter20-03-24.zip geoTwitter20-03-24/geoTwitter20-03-24_15:00
2022-03-04 21:20:57.433260 /data/tweets_corona/geoTwitter20-03-24.zip geoTwitter20-03-24/geoTwitter20-03-24_16:00
2022-03-04 21:21:16.044034 /data/tweets_corona/geoTwitter20-03-24.zip geoTwitter20-03-24/geoTwitter20-03-24_17:00
2022-03-04 21:21:34.060407 /data/tweets_corona/geoTwitter20-03-24.zip geoTwitter20-03-24/geoTwitter20-03-24_18:00
2022-03-04 21:21:52.357751 /data/tweets_corona/geoTwitter20-03-24.zip geoTwitter20-03-24/geoTwitter20-03-24_19:00
2022-03-04 21:22:10.955663 /data/tweets_corona/geoTwitter20-03-24.zip geoTwitter20-03-24/geoTwitter20-03-24_20:00
2022-03-04 21:22:29.561050 /data/tweets_corona/geoTwitter20-03-24.zip geoTwitter20-03-24/geoTwitter20-03-24_21:00
2022-03-04 21:22:47.097435 /data/tweets_corona/geoTwitter20-03-24.zip geoTwitter20-03-24/geoTwitter20-03-24_22:00
2022-03-04 21:23:04.642514 /data/tweets_corona/geoTwitter20-03-24.zip geoTwitter20-03-24/geoTwitter20-03-24_23:00
saving outputs/geoTwitter20-03-24.zip.lang
saving outputs/geoTwitter20-03-24.zip.country
2022-03-04 21:16:30.956283 /data/tweets_corona/geoTwitter20-03-23.zip geoTwitter20-03-23/geoTwitter20-03-23_00:00
2022-03-04 21:16:49.112582 /data/tweets_corona/geoTwitter20-03-23.zip geoTwitter20-03-23/geoTwitter20-03-23_01:00
2022-03-04 21:17:07.232775 /data/tweets_corona/geoTwitter20-03-23.zip geoTwitter20-03-23/geoTwitter20-03-23_02:00
2022-03-04 21:17:24.496123 /data/tweets_corona/geoTwitter20-03-23.zip geoTwitter20-03-23/geoTwitter20-03-23_03:00
2022-03-04 21:17:42.702003 /data/tweets_corona/geoTwitter20-03-23.zip geoTwitter20-03-23/geoTwitter20-03-23_04:00
2022-03-04 21:18:00.250941 /data/tweets_corona/geoTwitter20-03-23.zip geoTwitter20-03-23/geoTwitter20-03-23_05:00
2022-03-04 21:18:16.729281 /data/tweets_corona/geoTwitter20-03-23.zip geoTwitter20-03-23/geoTwitter20-03-23_06:00
2022-03-04 21:18:31.873654 /data/tweets_corona/geoTwitter20-03-23.zip geoTwitter20-03-23/geoTwitter20-03-23_07:00
2022-03-04 21:18:46.233641 /data/tweets_corona/geoTwitter20-03-23.zip geoTwitter20-03-23/geoTwitter20-03-23_08:00
2022-03-04 21:19:00.168108 /data/tweets_corona/geoTwitter20-03-23.zip geoTwitter20-03-23/geoTwitter20-03-23_09:00
2022-03-04 21:19:14.539065 /data/tweets_corona/geoTwitter20-03-23.zip geoTwitter20-03-23/geoTwitter20-03-23_10:00
2022-03-04 21:19:30.810250 /data/tweets_corona/geoTwitter20-03-23.zip geoTwitter20-03-23/geoTwitter20-03-23_11:00
2022-03-04 21:19:48.265065 /data/tweets_corona/geoTwitter20-03-23.zip geoTwitter20-03-23/geoTwitter20-03-23_12:00
2022-03-04 21:20:06.441724 /data/tweets_corona/geoTwitter20-03-23.zip geoTwitter20-03-23/geoTwitter20-03-23_13:00
2022-03-04 21:20:25.022094 /data/tweets_corona/geoTwitter20-03-23.zip geoTwitter20-03-23/geoTwitter20-03-23_14:00
2022-03-04 21:20:43.368482 /data/tweets_corona/geoTwitter20-03-23.zip geoTwitter20-03-23/geoTwitter20-03-23_15:00
2022-03-04 21:21:01.475519 /data/tweets_corona/geoTwitter20-03-23.zip geoTwitter20-03-23/geoTwitter20-03-23_16:00
2022-03-04 21:21:19.594040 /data/tweets_corona/geoTwitter20-03-23.zip geoTwitter20-03-23/geoTwitter20-03-23_17:00
2022-03-04 21:21:37.513640 /data/tweets_corona/geoTwitter20-03-23.zip geoTwitter20-03-23/geoTwitter20-03-23_18:00
2022-03-04 21:21:52.618943 /data/tweets_corona/geoTwitter20-03-23.zip geoTwitter20-03-23/geoTwitter20-03-23_19:00
2022-03-04 21:22:10.704050 /data/tweets_corona/geoTwitter20-03-23.zip geoTwitter20-03-23/geoTwitter20-03-23_20:00
2022-03-04 21:22:28.768942 /data/tweets_corona/geoTwitter20-03-23.zip geoTwitter20-03-23/geoTwitter20-03-23_21:00
2022-03-04 21:22:47.308372 /data/tweets_corona/geoTwitter20-03-23.zip geoTwitter20-03-23/geoTwitter20-03-23_22:00
2022-03-04 21:23:05.497614 /data/tweets_corona/geoTwitter20-03-23.zip geoTwitter20-03-23/geoTwitter20-03-23_23:00
saving outputs/geoTwitter20-03-23.zip.lang
saving outputs/geoTwitter20-03-23.zip.country
2022-03-04 21:16:24.234350 /data/tweets_corona/geoTwitter20-03-25.zip geoTwitter20-03-25/geoTwitter20-03-25_00:00
2022-03-04 21:16:42.194906 /data/tweets_corona/geoTwitter20-03-25.zip geoTwitter20-03-25/geoTwitter20-03-25_01:00
2022-03-04 21:16:59.024561 /data/tweets_corona/geoTwitter20-03-25.zip geoTwitter20-03-25/geoTwitter20-03-25_02:00
2022-03-04 21:17:15.593695 /data/tweets_corona/geoTwitter20-03-25.zip geoTwitter20-03-25/geoTwitter20-03-25_03:00
2022-03-04 21:17:33.680045 /data/tweets_corona/geoTwitter20-03-25.zip geoTwitter20-03-25/geoTwitter20-03-25_04:00
2022-03-04 21:17:53.334645 /data/tweets_corona/geoTwitter20-03-25.zip geoTwitter20-03-25/geoTwitter20-03-25_05:00
2022-03-04 21:18:12.030741 /data/tweets_corona/geoTwitter20-03-25.zip geoTwitter20-03-25/geoTwitter20-03-25_06:00
2022-03-04 21:18:29.596028 /data/tweets_corona/geoTwitter20-03-25.zip geoTwitter20-03-25/geoTwitter20-03-25_07:00
2022-03-04 21:18:46.339486 /data/tweets_corona/geoTwitter20-03-25.zip geoTwitter20-03-25/geoTwitter20-03-25_08:00
2022-03-04 21:19:02.714934 /data/tweets_corona/geoTwitter20-03-25.zip geoTwitter20-03-25/geoTwitter20-03-25_09:00
2022-03-04 21:19:19.110330 /data/tweets_corona/geoTwitter20-03-25.zip geoTwitter20-03-25/geoTwitter20-03-25_10:00
2022-03-04 21:19:35.146034 /data/tweets_corona/geoTwitter20-03-25.zip geoTwitter20-03-25/geoTwitter20-03-25_11:00
2022-03-04 21:19:52.859483 /data/tweets_corona/geoTwitter20-03-25.zip geoTwitter20-03-25/geoTwitter20-03-25_12:00
2022-03-04 21:20:10.587719 /data/tweets_corona/geoTwitter20-03-25.zip geoTwitter20-03-25/geoTwitter20-03-25_13:00
2022-03-04 21:20:29.269583 /data/tweets_corona/geoTwitter20-03-25.zip geoTwitter20-03-25/geoTwitter20-03-25_14:00
2022-03-04 21:20:47.656600 /data/tweets_corona/geoTwitter20-03-25.zip geoTwitter20-03-25/geoTwitter20-03-25_15:00
2022-03-04 21:21:05.487954 /data/tweets_corona/geoTwitter20-03-25.zip geoTwitter20-03-25/geoTwitter20-03-25_16:00
2022-03-04 21:21:22.792974 /data/tweets_corona/geoTwitter20-03-25.zip geoTwitter20-03-25/geoTwitter20-03-25_17:00
2022-03-04 21:21:40.255092 /data/tweets_corona/geoTwitter20-03-25.zip geoTwitter20-03-25/geoTwitter20-03-25_18:00
2022-03-04 21:21:57.967039 /data/tweets_corona/geoTwitter20-03-25.zip geoTwitter20-03-25/geoTwitter20-03-25_19:00
2022-03-04 21:22:15.948866 /data/tweets_corona/geoTwitter20-03-25.zip geoTwitter20-03-25/geoTwitter20-03-25_20:00
2022-03-04 21:22:33.532811 /data/tweets_corona/geoTwitter20-03-25.zip geoTwitter20-03-25/geoTwitter20-03-25_21:00
2022-03-04 21:22:51.062245 /data/tweets_corona/geoTwitter20-03-25.zip geoTwitter20-03-25/geoTwitter20-03-25_22:00
2022-03-04 21:23:08.213898 /data/tweets_corona/geoTwitter20-03-25.zip geoTwitter20-03-25/geoTwitter20-03-25_23:00
saving outputs/geoTwitter20-03-25.zip.lang
saving outputs/geoTwitter20-03-25.zip.country
2022-03-04 21:16:38.827639 /data/tweets_corona/geoTwitter20-03-21.zip geoTwitter20-03-21/geoTwitter20-03-21_00:00
2022-03-04 21:16:57.075793 /data/tweets_corona/geoTwitter20-03-21.zip geoTwitter20-03-21/geoTwitter20-03-21_01:00
2022-03-04 21:17:15.231289 /data/tweets_corona/geoTwitter20-03-21.zip geoTwitter20-03-21/geoTwitter20-03-21_02:00
2022-03-04 21:17:33.363958 /data/tweets_corona/geoTwitter20-03-21.zip geoTwitter20-03-21/geoTwitter20-03-21_03:00
2022-03-04 21:17:51.112350 /data/tweets_corona/geoTwitter20-03-21.zip geoTwitter20-03-21/geoTwitter20-03-21_04:00
2022-03-04 21:18:08.387471 /data/tweets_corona/geoTwitter20-03-21.zip geoTwitter20-03-21/geoTwitter20-03-21_05:00
2022-03-04 21:18:24.643034 /data/tweets_corona/geoTwitter20-03-21.zip geoTwitter20-03-21/geoTwitter20-03-21_06:00
2022-03-04 21:18:39.783875 /data/tweets_corona/geoTwitter20-03-21.zip geoTwitter20-03-21/geoTwitter20-03-21_07:00
2022-03-04 21:18:54.640764 /data/tweets_corona/geoTwitter20-03-21.zip geoTwitter20-03-21/geoTwitter20-03-21_08:00
2022-03-04 21:19:08.974033 /data/tweets_corona/geoTwitter20-03-21.zip geoTwitter20-03-21/geoTwitter20-03-21_09:00
2022-03-04 21:19:24.002766 /data/tweets_corona/geoTwitter20-03-21.zip geoTwitter20-03-21/geoTwitter20-03-21_10:00
2022-03-04 21:19:39.999706 /data/tweets_corona/geoTwitter20-03-21.zip geoTwitter20-03-21/geoTwitter20-03-21_11:00
2022-03-04 21:19:57.312878 /data/tweets_corona/geoTwitter20-03-21.zip geoTwitter20-03-21/geoTwitter20-03-21_12:00
2022-03-04 21:20:15.549564 /data/tweets_corona/geoTwitter20-03-21.zip geoTwitter20-03-21/geoTwitter20-03-21_13:00
2022-03-04 21:20:34.185335 /data/tweets_corona/geoTwitter20-03-21.zip geoTwitter20-03-21/geoTwitter20-03-21_14:00
2022-03-04 21:20:52.408095 /data/tweets_corona/geoTwitter20-03-21.zip geoTwitter20-03-21/geoTwitter20-03-21_15:00
2022-03-04 21:21:10.885303 /data/tweets_corona/geoTwitter20-03-21.zip geoTwitter20-03-21/geoTwitter20-03-21_16:00
2022-03-04 21:21:29.274091 /data/tweets_corona/geoTwitter20-03-21.zip geoTwitter20-03-21/geoTwitter20-03-21_17:00
2022-03-04 21:21:47.339934 /data/tweets_corona/geoTwitter20-03-21.zip geoTwitter20-03-21/geoTwitter20-03-21_18:00
2022-03-04 21:22:06.075955 /data/tweets_corona/geoTwitter20-03-21.zip geoTwitter20-03-21/geoTwitter20-03-21_19:00
2022-03-04 21:22:24.590893 /data/tweets_corona/geoTwitter20-03-21.zip geoTwitter20-03-21/geoTwitter20-03-21_20:00
2022-03-04 21:22:43.042233 /data/tweets_corona/geoTwitter20-03-21.zip geoTwitter20-03-21/geoTwitter20-03-21_21:00
2022-03-04 21:23:01.403184 /data/tweets_corona/geoTwitter20-03-21.zip geoTwitter20-03-21/geoTwitter20-03-21_22:00
2022-03-04 21:23:19.144873 /data/tweets_corona/geoTwitter20-03-21.zip geoTwitter20-03-21/geoTwitter20-03-21_23:00
saving outputs/geoTwitter20-03-21.zip.lang
saving outputs/geoTwitter20-03-21.zip.country
2022-03-04 21:16:41.051991 /data/tweets_corona/geoTwitter20-03-20.zip geoTwitter20-03-20/geoTwitter20-03-20_00:00
2022-03-04 21:16:58.951509 /data/tweets_corona/geoTwitter20-03-20.zip geoTwitter20-03-20/geoTwitter20-03-20_01:00
2022-03-04 21:17:16.973810 /data/tweets_corona/geoTwitter20-03-20.zip geoTwitter20-03-20/geoTwitter20-03-20_02:00
2022-03-04 21:17:34.653975 /data/tweets_corona/geoTwitter20-03-20.zip geoTwitter20-03-20/geoTwitter20-03-20_03:00
2022-03-04 21:17:52.747501 /data/tweets_corona/geoTwitter20-03-20.zip geoTwitter20-03-20/geoTwitter20-03-20_04:00
2022-03-04 21:18:10.298191 /data/tweets_corona/geoTwitter20-03-20.zip geoTwitter20-03-20/geoTwitter20-03-20_05:00
2022-03-04 21:18:26.338474 /data/tweets_corona/geoTwitter20-03-20.zip geoTwitter20-03-20/geoTwitter20-03-20_06:00
2022-03-04 21:18:41.778812 /data/tweets_corona/geoTwitter20-03-20.zip geoTwitter20-03-20/geoTwitter20-03-20_07:00
2022-03-04 21:18:56.538634 /data/tweets_corona/geoTwitter20-03-20.zip geoTwitter20-03-20/geoTwitter20-03-20_08:00
2022-03-04 21:19:10.770936 /data/tweets_corona/geoTwitter20-03-20.zip geoTwitter20-03-20/geoTwitter20-03-20_09:00
2022-03-04 21:19:25.555721 /data/tweets_corona/geoTwitter20-03-20.zip geoTwitter20-03-20/geoTwitter20-03-20_10:00
2022-03-04 21:19:41.597790 /data/tweets_corona/geoTwitter20-03-20.zip geoTwitter20-03-20/geoTwitter20-03-20_11:00
2022-03-04 21:19:59.028451 /data/tweets_corona/geoTwitter20-03-20.zip geoTwitter20-03-20/geoTwitter20-03-20_12:00
2022-03-04 21:20:17.324693 /data/tweets_corona/geoTwitter20-03-20.zip geoTwitter20-03-20/geoTwitter20-03-20_13:00
2022-03-04 21:20:35.683157 /data/tweets_corona/geoTwitter20-03-20.zip geoTwitter20-03-20/geoTwitter20-03-20_14:00
2022-03-04 21:20:53.991349 /data/tweets_corona/geoTwitter20-03-20.zip geoTwitter20-03-20/geoTwitter20-03-20_15:00
2022-03-04 21:21:12.380957 /data/tweets_corona/geoTwitter20-03-20.zip geoTwitter20-03-20/geoTwitter20-03-20_16:00
2022-03-04 21:21:30.502837 /data/tweets_corona/geoTwitter20-03-20.zip geoTwitter20-03-20/geoTwitter20-03-20_17:00
2022-03-04 21:21:48.759841 /data/tweets_corona/geoTwitter20-03-20.zip geoTwitter20-03-20/geoTwitter20-03-20_18:00
2022-03-04 21:22:07.723472 /data/tweets_corona/geoTwitter20-03-20.zip geoTwitter20-03-20/geoTwitter20-03-20_19:00
2022-03-04 21:22:26.321175 /data/tweets_corona/geoTwitter20-03-20.zip geoTwitter20-03-20/geoTwitter20-03-20_20:00
2022-03-04 21:22:44.578751 /data/tweets_corona/geoTwitter20-03-20.zip geoTwitter20-03-20/geoTwitter20-03-20_21:00
2022-03-04 21:23:02.712335 /data/tweets_corona/geoTwitter20-03-20.zip geoTwitter20-03-20/geoTwitter20-03-20_22:00
2022-03-04 21:23:20.746790 /data/tweets_corona/geoTwitter20-03-20.zip geoTwitter20-03-20/geoTwitter20-03-20_23:00
saving outputs/geoTwitter20-03-20.zip.lang
saving outputs/geoTwitter20-03-20.zip.country
2022-03-04 21:27:02.312259 /data/tweets_corona/geoTwitter20-03-19.zip geoTwitter20-03-19/geoTwitter20-03-19_00:00
2022-03-04 21:27:19.312801 /data/tweets_corona/geoTwitter20-03-19.zip geoTwitter20-03-19/geoTwitter20-03-19_01:00
2022-03-04 21:27:36.317208 /data/tweets_corona/geoTwitter20-03-19.zip geoTwitter20-03-19/geoTwitter20-03-19_02:00
2022-03-04 21:27:53.962583 /data/tweets_corona/geoTwitter20-03-19.zip geoTwitter20-03-19/geoTwitter20-03-19_03:00
2022-03-04 21:28:11.519207 /data/tweets_corona/geoTwitter20-03-19.zip geoTwitter20-03-19/geoTwitter20-03-19_04:00
2022-03-04 21:28:28.247195 /data/tweets_corona/geoTwitter20-03-19.zip geoTwitter20-03-19/geoTwitter20-03-19_05:00
2022-03-04 21:28:43.019804 /data/tweets_corona/geoTwitter20-03-19.zip geoTwitter20-03-19/geoTwitter20-03-19_06:00
2022-03-04 21:28:56.416153 /data/tweets_corona/geoTwitter20-03-19.zip geoTwitter20-03-19/geoTwitter20-03-19_07:00
2022-03-04 21:29:09.488097 /data/tweets_corona/geoTwitter20-03-19.zip geoTwitter20-03-19/geoTwitter20-03-19_08:00
2022-03-04 21:29:22.855489 /data/tweets_corona/geoTwitter20-03-19.zip geoTwitter20-03-19/geoTwitter20-03-19_09:00
2022-03-04 21:29:36.895828 /data/tweets_corona/geoTwitter20-03-19.zip geoTwitter20-03-19/geoTwitter20-03-19_10:00
2022-03-04 21:29:53.281198 /data/tweets_corona/geoTwitter20-03-19.zip geoTwitter20-03-19/geoTwitter20-03-19_11:00
2022-03-04 21:30:11.027468 /data/tweets_corona/geoTwitter20-03-19.zip geoTwitter20-03-19/geoTwitter20-03-19_12:00
2022-03-04 21:30:29.915624 /data/tweets_corona/geoTwitter20-03-19.zip geoTwitter20-03-19/geoTwitter20-03-19_13:00
2022-03-04 21:30:48.196885 /data/tweets_corona/geoTwitter20-03-19.zip geoTwitter20-03-19/geoTwitter20-03-19_14:00
2022-03-04 21:31:06.389970 /data/tweets_corona/geoTwitter20-03-19.zip geoTwitter20-03-19/geoTwitter20-03-19_15:00
2022-03-04 21:31:25.366915 /data/tweets_corona/geoTwitter20-03-19.zip geoTwitter20-03-19/geoTwitter20-03-19_16:00
2022-03-04 21:31:44.622565 /data/tweets_corona/geoTwitter20-03-19.zip geoTwitter20-03-19/geoTwitter20-03-19_17:00
2022-03-04 21:32:03.685156 /data/tweets_corona/geoTwitter20-03-19.zip geoTwitter20-03-19/geoTwitter20-03-19_18:00
2022-03-04 21:32:22.527110 /data/tweets_corona/geoTwitter20-03-19.zip geoTwitter20-03-19/geoTwitter20-03-19_19:00
2022-03-04 21:32:40.146937 /data/tweets_corona/geoTwitter20-03-19.zip geoTwitter20-03-19/geoTwitter20-03-19_20:00
2022-03-04 21:32:59.086427 /data/tweets_corona/geoTwitter20-03-19.zip geoTwitter20-03-19/geoTwitter20-03-19_21:00
2022-03-04 21:33:17.570217 /data/tweets_corona/geoTwitter20-03-19.zip geoTwitter20-03-19/geoTwitter20-03-19_22:00
2022-03-04 21:33:36.432604 /data/tweets_corona/geoTwitter20-03-19.zip geoTwitter20-03-19/geoTwitter20-03-19_23:00
saving outputs/geoTwitter20-03-19.zip.lang
saving outputs/geoTwitter20-03-19.zip.country
2022-03-04 21:27:43.198188 /data/tweets_corona/geoTwitter20-03-14.zip geoTwitter20-03-14/geoTwitter20-03-14_00:00
2022-03-04 21:28:00.421164 /data/tweets_corona/geoTwitter20-03-14.zip geoTwitter20-03-14/geoTwitter20-03-14_01:00
2022-03-04 21:28:17.313275 /data/tweets_corona/geoTwitter20-03-14.zip geoTwitter20-03-14/geoTwitter20-03-14_02:00
2022-03-04 21:28:34.327452 /data/tweets_corona/geoTwitter20-03-14.zip geoTwitter20-03-14/geoTwitter20-03-14_03:00
2022-03-04 21:28:50.165531 /data/tweets_corona/geoTwitter20-03-14.zip geoTwitter20-03-14/geoTwitter20-03-14_04:00
2022-03-04 21:29:04.229950 /data/tweets_corona/geoTwitter20-03-14.zip geoTwitter20-03-14/geoTwitter20-03-14_05:00
2022-03-04 21:29:16.704634 /data/tweets_corona/geoTwitter20-03-14.zip geoTwitter20-03-14/geoTwitter20-03-14_06:00
2022-03-04 21:29:29.502088 /data/tweets_corona/geoTwitter20-03-14.zip geoTwitter20-03-14/geoTwitter20-03-14_07:00
2022-03-04 21:29:42.093295 /data/tweets_corona/geoTwitter20-03-14.zip geoTwitter20-03-14/geoTwitter20-03-14_08:00
2022-03-04 21:29:55.332751 /data/tweets_corona/geoTwitter20-03-14.zip geoTwitter20-03-14/geoTwitter20-03-14_09:00
2022-03-04 21:30:09.100533 /data/tweets_corona/geoTwitter20-03-14.zip geoTwitter20-03-14/geoTwitter20-03-14_10:00
2022-03-04 21:30:24.484140 /data/tweets_corona/geoTwitter20-03-14.zip geoTwitter20-03-14/geoTwitter20-03-14_11:00
2022-03-04 21:30:40.480333 /data/tweets_corona/geoTwitter20-03-14.zip geoTwitter20-03-14/geoTwitter20-03-14_12:00
2022-03-04 21:30:57.444329 /data/tweets_corona/geoTwitter20-03-14.zip geoTwitter20-03-14/geoTwitter20-03-14_13:00
2022-03-04 21:31:15.584614 /data/tweets_corona/geoTwitter20-03-14.zip geoTwitter20-03-14/geoTwitter20-03-14_14:00
2022-03-04 21:31:34.676140 /data/tweets_corona/geoTwitter20-03-14.zip geoTwitter20-03-14/geoTwitter20-03-14_15:00
2022-03-04 21:31:53.585618 /data/tweets_corona/geoTwitter20-03-14.zip geoTwitter20-03-14/geoTwitter20-03-14_16:00
2022-03-04 21:32:12.190218 /data/tweets_corona/geoTwitter20-03-14.zip geoTwitter20-03-14/geoTwitter20-03-14_17:00
2022-03-04 21:32:30.534784 /data/tweets_corona/geoTwitter20-03-14.zip geoTwitter20-03-14/geoTwitter20-03-14_18:00
2022-03-04 21:32:48.996564 /data/tweets_corona/geoTwitter20-03-14.zip geoTwitter20-03-14/geoTwitter20-03-14_19:00
2022-03-04 21:33:07.209923 /data/tweets_corona/geoTwitter20-03-14.zip geoTwitter20-03-14/geoTwitter20-03-14_20:00
2022-03-04 21:33:24.869244 /data/tweets_corona/geoTwitter20-03-14.zip geoTwitter20-03-14/geoTwitter20-03-14_21:00
2022-03-04 21:33:43.351072 /data/tweets_corona/geoTwitter20-03-14.zip geoTwitter20-03-14/geoTwitter20-03-14_22:00
2022-03-04 21:34:01.593399 /data/tweets_corona/geoTwitter20-03-14.zip geoTwitter20-03-14/geoTwitter20-03-14_23:00
saving outputs/geoTwitter20-03-14.zip.lang
saving outputs/geoTwitter20-03-14.zip.country
2022-03-04 21:27:37.401418 /data/tweets_corona/geoTwitter20-03-16.zip geoTwitter20-03-16/geoTwitter20-03-16_00:00
2022-03-04 21:27:54.841045 /data/tweets_corona/geoTwitter20-03-16.zip geoTwitter20-03-16/geoTwitter20-03-16_01:00
2022-03-04 21:28:13.385449 /data/tweets_corona/geoTwitter20-03-16.zip geoTwitter20-03-16/geoTwitter20-03-16_02:00
2022-03-04 21:28:30.341013 /data/tweets_corona/geoTwitter20-03-16.zip geoTwitter20-03-16/geoTwitter20-03-16_03:00
2022-03-04 21:28:47.511700 /data/tweets_corona/geoTwitter20-03-16.zip geoTwitter20-03-16/geoTwitter20-03-16_04:00
2022-03-04 21:29:03.191722 /data/tweets_corona/geoTwitter20-03-16.zip geoTwitter20-03-16/geoTwitter20-03-16_05:00
2022-03-04 21:29:16.146292 /data/tweets_corona/geoTwitter20-03-16.zip geoTwitter20-03-16/geoTwitter20-03-16_06:00
2022-03-04 21:29:28.173511 /data/tweets_corona/geoTwitter20-03-16.zip geoTwitter20-03-16/geoTwitter20-03-16_07:00
2022-03-04 21:29:40.472644 /data/tweets_corona/geoTwitter20-03-16.zip geoTwitter20-03-16/geoTwitter20-03-16_08:00
2022-03-04 21:29:52.521849 /data/tweets_corona/geoTwitter20-03-16.zip geoTwitter20-03-16/geoTwitter20-03-16_09:00
2022-03-04 21:30:05.871862 /data/tweets_corona/geoTwitter20-03-16.zip geoTwitter20-03-16/geoTwitter20-03-16_10:00
2022-03-04 21:30:21.073471 /data/tweets_corona/geoTwitter20-03-16.zip geoTwitter20-03-16/geoTwitter20-03-16_11:00
2022-03-04 21:30:37.683909 /data/tweets_corona/geoTwitter20-03-16.zip geoTwitter20-03-16/geoTwitter20-03-16_12:00
2022-03-04 21:30:55.362107 /data/tweets_corona/geoTwitter20-03-16.zip geoTwitter20-03-16/geoTwitter20-03-16_13:00
2022-03-04 21:31:13.600440 /data/tweets_corona/geoTwitter20-03-16.zip geoTwitter20-03-16/geoTwitter20-03-16_14:00
2022-03-04 21:31:32.374288 /data/tweets_corona/geoTwitter20-03-16.zip geoTwitter20-03-16/geoTwitter20-03-16_15:00
2022-03-04 21:31:50.858915 /data/tweets_corona/geoTwitter20-03-16.zip geoTwitter20-03-16/geoTwitter20-03-16_16:00
2022-03-04 21:32:09.348246 /data/tweets_corona/geoTwitter20-03-16.zip geoTwitter20-03-16/geoTwitter20-03-16_17:00
2022-03-04 21:32:27.778239 /data/tweets_corona/geoTwitter20-03-16.zip geoTwitter20-03-16/geoTwitter20-03-16_18:00
2022-03-04 21:32:46.730366 /data/tweets_corona/geoTwitter20-03-16.zip geoTwitter20-03-16/geoTwitter20-03-16_19:00
2022-03-04 21:33:05.501631 /data/tweets_corona/geoTwitter20-03-16.zip geoTwitter20-03-16/geoTwitter20-03-16_20:00
2022-03-04 21:33:24.299287 /data/tweets_corona/geoTwitter20-03-16.zip geoTwitter20-03-16/geoTwitter20-03-16_21:00
2022-03-04 21:33:43.059549 /data/tweets_corona/geoTwitter20-03-16.zip geoTwitter20-03-16/geoTwitter20-03-16_22:00
2022-03-04 21:34:01.238428 /data/tweets_corona/geoTwitter20-03-16.zip geoTwitter20-03-16/geoTwitter20-03-16_23:00
saving outputs/geoTwitter20-03-16.zip.lang
saving outputs/geoTwitter20-03-16.zip.country
2022-03-04 21:27:40.188903 /data/tweets_corona/geoTwitter20-03-15.zip geoTwitter20-03-15/geoTwitter20-03-15_00:00
2022-03-04 21:27:57.075924 /data/tweets_corona/geoTwitter20-03-15.zip geoTwitter20-03-15/geoTwitter20-03-15_01:00
2022-03-04 21:28:13.746735 /data/tweets_corona/geoTwitter20-03-15.zip geoTwitter20-03-15/geoTwitter20-03-15_02:00
2022-03-04 21:28:30.312667 /data/tweets_corona/geoTwitter20-03-15.zip geoTwitter20-03-15/geoTwitter20-03-15_03:00
2022-03-04 21:28:47.061594 /data/tweets_corona/geoTwitter20-03-15.zip geoTwitter20-03-15/geoTwitter20-03-15_04:00
2022-03-04 21:29:02.041375 /data/tweets_corona/geoTwitter20-03-15.zip geoTwitter20-03-15/geoTwitter20-03-15_05:00
2022-03-04 21:29:15.426049 /data/tweets_corona/geoTwitter20-03-15.zip geoTwitter20-03-15/geoTwitter20-03-15_06:00
2022-03-04 21:29:27.716228 /data/tweets_corona/geoTwitter20-03-15.zip geoTwitter20-03-15/geoTwitter20-03-15_07:00
2022-03-04 21:29:40.353170 /data/tweets_corona/geoTwitter20-03-15.zip geoTwitter20-03-15/geoTwitter20-03-15_08:00
2022-03-04 21:29:53.826210 /data/tweets_corona/geoTwitter20-03-15.zip geoTwitter20-03-15/geoTwitter20-03-15_09:00
2022-03-04 21:30:07.908765 /data/tweets_corona/geoTwitter20-03-15.zip geoTwitter20-03-15/geoTwitter20-03-15_10:00
2022-03-04 21:30:23.016550 /data/tweets_corona/geoTwitter20-03-15.zip geoTwitter20-03-15/geoTwitter20-03-15_11:00
2022-03-04 21:30:38.844982 /data/tweets_corona/geoTwitter20-03-15.zip geoTwitter20-03-15/geoTwitter20-03-15_12:00
2022-03-04 21:30:56.004583 /data/tweets_corona/geoTwitter20-03-15.zip geoTwitter20-03-15/geoTwitter20-03-15_13:00
2022-03-04 21:31:14.112974 /data/tweets_corona/geoTwitter20-03-15.zip geoTwitter20-03-15/geoTwitter20-03-15_14:00
2022-03-04 21:31:33.084310 /data/tweets_corona/geoTwitter20-03-15.zip geoTwitter20-03-15/geoTwitter20-03-15_15:00
2022-03-04 21:31:52.060444 /data/tweets_corona/geoTwitter20-03-15.zip geoTwitter20-03-15/geoTwitter20-03-15_16:00
2022-03-04 21:32:10.587467 /data/tweets_corona/geoTwitter20-03-15.zip geoTwitter20-03-15/geoTwitter20-03-15_17:00
2022-03-04 21:32:29.017718 /data/tweets_corona/geoTwitter20-03-15.zip geoTwitter20-03-15/geoTwitter20-03-15_18:00
2022-03-04 21:32:47.756218 /data/tweets_corona/geoTwitter20-03-15.zip geoTwitter20-03-15/geoTwitter20-03-15_19:00
2022-03-04 21:33:06.463800 /data/tweets_corona/geoTwitter20-03-15.zip geoTwitter20-03-15/geoTwitter20-03-15_20:00
2022-03-04 21:33:24.765701 /data/tweets_corona/geoTwitter20-03-15.zip geoTwitter20-03-15/geoTwitter20-03-15_21:00
2022-03-04 21:33:43.174497 /data/tweets_corona/geoTwitter20-03-15.zip geoTwitter20-03-15/geoTwitter20-03-15_22:00
2022-03-04 21:34:01.434825 /data/tweets_corona/geoTwitter20-03-15.zip geoTwitter20-03-15/geoTwitter20-03-15_23:00
saving outputs/geoTwitter20-03-15.zip.lang
saving outputs/geoTwitter20-03-15.zip.country
2022-03-04 21:27:34.136506 /data/tweets_corona/geoTwitter20-03-17.zip geoTwitter20-03-17/geoTwitter20-03-17_00:00
2022-03-04 21:27:51.511434 /data/tweets_corona/geoTwitter20-03-17.zip geoTwitter20-03-17/geoTwitter20-03-17_01:00
2022-03-04 21:28:09.802177 /data/tweets_corona/geoTwitter20-03-17.zip geoTwitter20-03-17/geoTwitter20-03-17_02:00
2022-03-04 21:28:27.249131 /data/tweets_corona/geoTwitter20-03-17.zip geoTwitter20-03-17/geoTwitter20-03-17_03:00
2022-03-04 21:28:44.783347 /data/tweets_corona/geoTwitter20-03-17.zip geoTwitter20-03-17/geoTwitter20-03-17_04:00
2022-03-04 21:29:00.841308 /data/tweets_corona/geoTwitter20-03-17.zip geoTwitter20-03-17/geoTwitter20-03-17_05:00
2022-03-04 21:29:14.259835 /data/tweets_corona/geoTwitter20-03-17.zip geoTwitter20-03-17/geoTwitter20-03-17_06:00
2022-03-04 21:29:26.946841 /data/tweets_corona/geoTwitter20-03-17.zip geoTwitter20-03-17/geoTwitter20-03-17_07:00
2022-03-04 21:29:39.414733 /data/tweets_corona/geoTwitter20-03-17.zip geoTwitter20-03-17/geoTwitter20-03-17_08:00
2022-03-04 21:29:52.455842 /data/tweets_corona/geoTwitter20-03-17.zip geoTwitter20-03-17/geoTwitter20-03-17_09:00
2022-03-04 21:30:06.562140 /data/tweets_corona/geoTwitter20-03-17.zip geoTwitter20-03-17/geoTwitter20-03-17_10:00
2022-03-04 21:30:22.519957 /data/tweets_corona/geoTwitter20-03-17.zip geoTwitter20-03-17/geoTwitter20-03-17_11:00
2022-03-04 21:30:39.501905 /data/tweets_corona/geoTwitter20-03-17.zip geoTwitter20-03-17/geoTwitter20-03-17_12:00
2022-03-04 21:30:57.629366 /data/tweets_corona/geoTwitter20-03-17.zip geoTwitter20-03-17/geoTwitter20-03-17_13:00
2022-03-04 21:31:16.236101 /data/tweets_corona/geoTwitter20-03-17.zip geoTwitter20-03-17/geoTwitter20-03-17_14:00
2022-03-04 21:31:35.123180 /data/tweets_corona/geoTwitter20-03-17.zip geoTwitter20-03-17/geoTwitter20-03-17_15:00
2022-03-04 21:31:54.125802 /data/tweets_corona/geoTwitter20-03-17.zip geoTwitter20-03-17/geoTwitter20-03-17_16:00
2022-03-04 21:32:12.892799 /data/tweets_corona/geoTwitter20-03-17.zip geoTwitter20-03-17/geoTwitter20-03-17_17:00
2022-03-04 21:32:31.499080 /data/tweets_corona/geoTwitter20-03-17.zip geoTwitter20-03-17/geoTwitter20-03-17_18:00
2022-03-04 21:32:50.159523 /data/tweets_corona/geoTwitter20-03-17.zip geoTwitter20-03-17/geoTwitter20-03-17_19:00
2022-03-04 21:33:08.620515 /data/tweets_corona/geoTwitter20-03-17.zip geoTwitter20-03-17/geoTwitter20-03-17_20:00
2022-03-04 21:33:27.381679 /data/tweets_corona/geoTwitter20-03-17.zip geoTwitter20-03-17/geoTwitter20-03-17_21:00
2022-03-04 21:33:46.033545 /data/tweets_corona/geoTwitter20-03-17.zip geoTwitter20-03-17/geoTwitter20-03-17_22:00
2022-03-04 21:34:04.656098 /data/tweets_corona/geoTwitter20-03-17.zip geoTwitter20-03-17/geoTwitter20-03-17_23:00
saving outputs/geoTwitter20-03-17.zip.lang
saving outputs/geoTwitter20-03-17.zip.country
2022-03-04 21:27:30.008267 /data/tweets_corona/geoTwitter20-03-18.zip geoTwitter20-03-18/geoTwitter20-03-18_00:00
2022-03-04 21:27:47.653011 /data/tweets_corona/geoTwitter20-03-18.zip geoTwitter20-03-18/geoTwitter20-03-18_01:00
2022-03-04 21:28:05.293412 /data/tweets_corona/geoTwitter20-03-18.zip geoTwitter20-03-18/geoTwitter20-03-18_02:00
2022-03-04 21:28:22.746246 /data/tweets_corona/geoTwitter20-03-18.zip geoTwitter20-03-18/geoTwitter20-03-18_03:00
2022-03-04 21:28:39.211241 /data/tweets_corona/geoTwitter20-03-18.zip geoTwitter20-03-18/geoTwitter20-03-18_04:00
2022-03-04 21:28:55.308980 /data/tweets_corona/geoTwitter20-03-18.zip geoTwitter20-03-18/geoTwitter20-03-18_05:00
2022-03-04 21:29:09.583701 /data/tweets_corona/geoTwitter20-03-18.zip geoTwitter20-03-18/geoTwitter20-03-18_06:00
2022-03-04 21:29:23.116331 /data/tweets_corona/geoTwitter20-03-18.zip geoTwitter20-03-18/geoTwitter20-03-18_07:00
2022-03-04 21:29:36.689075 /data/tweets_corona/geoTwitter20-03-18.zip geoTwitter20-03-18/geoTwitter20-03-18_08:00
2022-03-04 21:29:50.330057 /data/tweets_corona/geoTwitter20-03-18.zip geoTwitter20-03-18/geoTwitter20-03-18_09:00
2022-03-04 21:30:04.661034 /data/tweets_corona/geoTwitter20-03-18.zip geoTwitter20-03-18/geoTwitter20-03-18_10:00
2022-03-04 21:30:20.988090 /data/tweets_corona/geoTwitter20-03-18.zip geoTwitter20-03-18/geoTwitter20-03-18_11:00
2022-03-04 21:30:38.373654 /data/tweets_corona/geoTwitter20-03-18.zip geoTwitter20-03-18/geoTwitter20-03-18_12:00
2022-03-04 21:30:56.606111 /data/tweets_corona/geoTwitter20-03-18.zip geoTwitter20-03-18/geoTwitter20-03-18_13:00
2022-03-04 21:31:15.551461 /data/tweets_corona/geoTwitter20-03-18.zip geoTwitter20-03-18/geoTwitter20-03-18_14:00
2022-03-04 21:31:34.797902 /data/tweets_corona/geoTwitter20-03-18.zip geoTwitter20-03-18/geoTwitter20-03-18_15:00
2022-03-04 21:31:53.965071 /data/tweets_corona/geoTwitter20-03-18.zip geoTwitter20-03-18/geoTwitter20-03-18_16:00
2022-03-04 21:32:12.958892 /data/tweets_corona/geoTwitter20-03-18.zip geoTwitter20-03-18/geoTwitter20-03-18_17:00
2022-03-04 21:32:31.715474 /data/tweets_corona/geoTwitter20-03-18.zip geoTwitter20-03-18/geoTwitter20-03-18_18:00
2022-03-04 21:32:50.874894 /data/tweets_corona/geoTwitter20-03-18.zip geoTwitter20-03-18/geoTwitter20-03-18_19:00
2022-03-04 21:33:09.827597 /data/tweets_corona/geoTwitter20-03-18.zip geoTwitter20-03-18/geoTwitter20-03-18_20:00
2022-03-04 21:33:28.619333 /data/tweets_corona/geoTwitter20-03-18.zip geoTwitter20-03-18/geoTwitter20-03-18_21:00
2022-03-04 21:33:47.700620 /data/tweets_corona/geoTwitter20-03-18.zip geoTwitter20-03-18/geoTwitter20-03-18_22:00
2022-03-04 21:34:06.552003 /data/tweets_corona/geoTwitter20-03-18.zip geoTwitter20-03-18/geoTwitter20-03-18_23:00
saving outputs/geoTwitter20-03-18.zip.lang
saving outputs/geoTwitter20-03-18.zip.country
2022-03-04 21:44:09.929010 /data/tweets_corona/geoTwitter20-03-11.zip geoTwitter20-03-11/geoTwitter20-03-11_00:00
2022-03-04 21:44:29.284241 /data/tweets_corona/geoTwitter20-03-11.zip geoTwitter20-03-11/geoTwitter20-03-11_01:00
2022-03-04 21:44:49.305681 /data/tweets_corona/geoTwitter20-03-11.zip geoTwitter20-03-11/geoTwitter20-03-11_02:00
2022-03-04 21:45:07.356054 /data/tweets_corona/geoTwitter20-03-11.zip geoTwitter20-03-11/geoTwitter20-03-11_03:00
2022-03-04 21:45:23.789875 /data/tweets_corona/geoTwitter20-03-11.zip geoTwitter20-03-11/geoTwitter20-03-11_04:00
2022-03-04 21:45:37.221815 /data/tweets_corona/geoTwitter20-03-11.zip geoTwitter20-03-11/geoTwitter20-03-11_05:00
2022-03-04 21:45:48.855214 /data/tweets_corona/geoTwitter20-03-11.zip geoTwitter20-03-11/geoTwitter20-03-11_06:00
2022-03-04 21:45:59.652753 /data/tweets_corona/geoTwitter20-03-11.zip geoTwitter20-03-11/geoTwitter20-03-11_07:00
2022-03-04 21:46:10.146547 /data/tweets_corona/geoTwitter20-03-11.zip geoTwitter20-03-11/geoTwitter20-03-11_08:00
2022-03-04 21:46:21.148180 /data/tweets_corona/geoTwitter20-03-11.zip geoTwitter20-03-11/geoTwitter20-03-11_09:00
2022-03-04 21:46:33.151957 /data/tweets_corona/geoTwitter20-03-11.zip geoTwitter20-03-11/geoTwitter20-03-11_10:00
2022-03-04 21:46:47.066556 /data/tweets_corona/geoTwitter20-03-11.zip geoTwitter20-03-11/geoTwitter20-03-11_11:00
2022-03-04 21:47:02.999820 /data/tweets_corona/geoTwitter20-03-11.zip geoTwitter20-03-11/geoTwitter20-03-11_12:00
2022-03-04 21:47:19.732866 /data/tweets_corona/geoTwitter20-03-11.zip geoTwitter20-03-11/geoTwitter20-03-11_13:00
2022-03-04 21:47:36.969502 /data/tweets_corona/geoTwitter20-03-11.zip geoTwitter20-03-11/geoTwitter20-03-11_14:00
2022-03-04 21:47:54.199689 /data/tweets_corona/geoTwitter20-03-11.zip geoTwitter20-03-11/geoTwitter20-03-11_15:00
2022-03-04 21:48:11.687893 /data/tweets_corona/geoTwitter20-03-11.zip geoTwitter20-03-11/geoTwitter20-03-11_16:00
2022-03-04 21:48:29.263925 /data/tweets_corona/geoTwitter20-03-11.zip geoTwitter20-03-11/geoTwitter20-03-11_17:00
2022-03-04 21:48:50.120728 /data/tweets_corona/geoTwitter20-03-11.zip geoTwitter20-03-11/geoTwitter20-03-11_18:00
2022-03-04 21:49:10.915290 /data/tweets_corona/geoTwitter20-03-11.zip geoTwitter20-03-11/geoTwitter20-03-11_19:00
2022-03-04 21:49:30.079740 /data/tweets_corona/geoTwitter20-03-11.zip geoTwitter20-03-11/geoTwitter20-03-11_20:00
2022-03-04 21:49:46.853357 /data/tweets_corona/geoTwitter20-03-11.zip geoTwitter20-03-11/geoTwitter20-03-11_21:00
2022-03-04 21:50:04.262756 /data/tweets_corona/geoTwitter20-03-11.zip geoTwitter20-03-11/geoTwitter20-03-11_22:00
2022-03-04 21:50:21.280677 /data/tweets_corona/geoTwitter20-03-11.zip geoTwitter20-03-11/geoTwitter20-03-11_23:00
saving outputs/geoTwitter20-03-11.zip.lang
saving outputs/geoTwitter20-03-11.zip.country
2022-03-04 21:44:03.755775 /data/tweets_corona/geoTwitter20-03-13.zip geoTwitter20-03-13/geoTwitter20-03-13_00:00
2022-03-04 21:44:21.172449 /data/tweets_corona/geoTwitter20-03-13.zip geoTwitter20-03-13/geoTwitter20-03-13_01:00
2022-03-04 21:44:38.220071 /data/tweets_corona/geoTwitter20-03-13.zip geoTwitter20-03-13/geoTwitter20-03-13_02:00
2022-03-04 21:44:55.752387 /data/tweets_corona/geoTwitter20-03-13.zip geoTwitter20-03-13/geoTwitter20-03-13_03:00
2022-03-04 21:45:12.798475 /data/tweets_corona/geoTwitter20-03-13.zip geoTwitter20-03-13/geoTwitter20-03-13_04:00
2022-03-04 21:45:27.967927 /data/tweets_corona/geoTwitter20-03-13.zip geoTwitter20-03-13/geoTwitter20-03-13_05:00
2022-03-04 21:45:40.257485 /data/tweets_corona/geoTwitter20-03-13.zip geoTwitter20-03-13/geoTwitter20-03-13_06:00
2022-03-04 21:45:51.795767 /data/tweets_corona/geoTwitter20-03-13.zip geoTwitter20-03-13/geoTwitter20-03-13_07:00
2022-03-04 21:46:04.610957 /data/tweets_corona/geoTwitter20-03-13.zip geoTwitter20-03-13/geoTwitter20-03-13_08:00
2022-03-04 21:46:17.540015 /data/tweets_corona/geoTwitter20-03-13.zip geoTwitter20-03-13/geoTwitter20-03-13_09:00
2022-03-04 21:46:32.564989 /data/tweets_corona/geoTwitter20-03-13.zip geoTwitter20-03-13/geoTwitter20-03-13_10:00
2022-03-04 21:46:49.591046 /data/tweets_corona/geoTwitter20-03-13.zip geoTwitter20-03-13/geoTwitter20-03-13_11:00
2022-03-04 21:47:07.360988 /data/tweets_corona/geoTwitter20-03-13.zip geoTwitter20-03-13/geoTwitter20-03-13_12:00
2022-03-04 21:47:24.705165 /data/tweets_corona/geoTwitter20-03-13.zip geoTwitter20-03-13/geoTwitter20-03-13_13:00
2022-03-04 21:47:42.183797 /data/tweets_corona/geoTwitter20-03-13.zip geoTwitter20-03-13/geoTwitter20-03-13_14:00
2022-03-04 21:47:59.785992 /data/tweets_corona/geoTwitter20-03-13.zip geoTwitter20-03-13/geoTwitter20-03-13_15:00
2022-03-04 21:48:17.475256 /data/tweets_corona/geoTwitter20-03-13.zip geoTwitter20-03-13/geoTwitter20-03-13_16:00
2022-03-04 21:48:36.156550 /data/tweets_corona/geoTwitter20-03-13.zip geoTwitter20-03-13/geoTwitter20-03-13_17:00
2022-03-04 21:48:57.215112 /data/tweets_corona/geoTwitter20-03-13.zip geoTwitter20-03-13/geoTwitter20-03-13_18:00
2022-03-04 21:49:17.948253 /data/tweets_corona/geoTwitter20-03-13.zip geoTwitter20-03-13/geoTwitter20-03-13_19:00
2022-03-04 21:49:36.015047 /data/tweets_corona/geoTwitter20-03-13.zip geoTwitter20-03-13/geoTwitter20-03-13_20:00
2022-03-04 21:49:53.354421 /data/tweets_corona/geoTwitter20-03-13.zip geoTwitter20-03-13/geoTwitter20-03-13_21:00
2022-03-04 21:50:10.605346 /data/tweets_corona/geoTwitter20-03-13.zip geoTwitter20-03-13/geoTwitter20-03-13_22:00
2022-03-04 21:50:27.975244 /data/tweets_corona/geoTwitter20-03-13.zip geoTwitter20-03-13/geoTwitter20-03-13_23:00
saving outputs/geoTwitter20-03-13.zip.lang
saving outputs/geoTwitter20-03-13.zip.country
2022-03-04 21:44:07.008009 /data/tweets_corona/geoTwitter20-03-12.zip geoTwitter20-03-12/geoTwitter20-03-12_00:00
2022-03-04 21:44:25.998503 /data/tweets_corona/geoTwitter20-03-12.zip geoTwitter20-03-12/geoTwitter20-03-12_01:00
2022-03-04 21:44:46.484734 /data/tweets_corona/geoTwitter20-03-12.zip geoTwitter20-03-12/geoTwitter20-03-12_02:00
2022-03-04 21:45:05.778700 /data/tweets_corona/geoTwitter20-03-12.zip geoTwitter20-03-12/geoTwitter20-03-12_03:00
2022-03-04 21:45:23.152019 /data/tweets_corona/geoTwitter20-03-12.zip geoTwitter20-03-12/geoTwitter20-03-12_04:00
2022-03-04 21:45:37.767513 /data/tweets_corona/geoTwitter20-03-12.zip geoTwitter20-03-12/geoTwitter20-03-12_05:00
2022-03-04 21:45:50.355312 /data/tweets_corona/geoTwitter20-03-12.zip geoTwitter20-03-12/geoTwitter20-03-12_06:00
2022-03-04 21:46:01.832721 /data/tweets_corona/geoTwitter20-03-12.zip geoTwitter20-03-12/geoTwitter20-03-12_07:00
2022-03-04 21:46:13.162260 /data/tweets_corona/geoTwitter20-03-12.zip geoTwitter20-03-12/geoTwitter20-03-12_08:00
2022-03-04 21:46:24.346148 /data/tweets_corona/geoTwitter20-03-12.zip geoTwitter20-03-12/geoTwitter20-03-12_09:00
2022-03-04 21:46:37.001407 /data/tweets_corona/geoTwitter20-03-12.zip geoTwitter20-03-12/geoTwitter20-03-12_10:00
2022-03-04 21:46:51.784130 /data/tweets_corona/geoTwitter20-03-12.zip geoTwitter20-03-12/geoTwitter20-03-12_11:00
2022-03-04 21:47:08.207687 /data/tweets_corona/geoTwitter20-03-12.zip geoTwitter20-03-12/geoTwitter20-03-12_12:00
2022-03-04 21:47:27.585456 /data/tweets_corona/geoTwitter20-03-12.zip geoTwitter20-03-12/geoTwitter20-03-12_13:00
2022-03-04 21:47:45.612071 /data/tweets_corona/geoTwitter20-03-12.zip geoTwitter20-03-12/geoTwitter20-03-12_14:00
2022-03-04 21:48:03.477486 /data/tweets_corona/geoTwitter20-03-12.zip geoTwitter20-03-12/geoTwitter20-03-12_15:00
2022-03-04 21:48:21.078355 /data/tweets_corona/geoTwitter20-03-12.zip geoTwitter20-03-12/geoTwitter20-03-12_16:00
2022-03-04 21:48:40.447445 /data/tweets_corona/geoTwitter20-03-12.zip geoTwitter20-03-12/geoTwitter20-03-12_17:00
2022-03-04 21:49:01.645597 /data/tweets_corona/geoTwitter20-03-12.zip geoTwitter20-03-12/geoTwitter20-03-12_18:00
2022-03-04 21:49:22.596193 /data/tweets_corona/geoTwitter20-03-12.zip geoTwitter20-03-12/geoTwitter20-03-12_19:00
2022-03-04 21:49:39.980512 /data/tweets_corona/geoTwitter20-03-12.zip geoTwitter20-03-12/geoTwitter20-03-12_20:00
2022-03-04 21:49:57.448483 /data/tweets_corona/geoTwitter20-03-12.zip geoTwitter20-03-12/geoTwitter20-03-12_21:00
2022-03-04 21:50:14.624486 /data/tweets_corona/geoTwitter20-03-12.zip geoTwitter20-03-12/geoTwitter20-03-12_22:00
2022-03-04 21:50:32.040513 /data/tweets_corona/geoTwitter20-03-12.zip geoTwitter20-03-12/geoTwitter20-03-12_23:00
saving outputs/geoTwitter20-03-12.zip.lang
saving outputs/geoTwitter20-03-12.zip.country
2022-03-04 21:49:43.602488 /data/tweets_corona/geoTwitter20-03-10.zip geoTwitter20-03-10/geoTwitter20-03-10_00:00
2022-03-04 21:50:00.110185 /data/tweets_corona/geoTwitter20-03-10.zip geoTwitter20-03-10/geoTwitter20-03-10_01:00
2022-03-04 21:50:16.833755 /data/tweets_corona/geoTwitter20-03-10.zip geoTwitter20-03-10/geoTwitter20-03-10_02:00
2022-03-04 21:50:33.100467 /data/tweets_corona/geoTwitter20-03-10.zip geoTwitter20-03-10/geoTwitter20-03-10_03:00
2022-03-04 21:50:48.644357 /data/tweets_corona/geoTwitter20-03-10.zip geoTwitter20-03-10/geoTwitter20-03-10_04:00
2022-03-04 21:51:01.688725 /data/tweets_corona/geoTwitter20-03-10.zip geoTwitter20-03-10/geoTwitter20-03-10_05:00
2022-03-04 21:51:12.580470 /data/tweets_corona/geoTwitter20-03-10.zip geoTwitter20-03-10/geoTwitter20-03-10_06:00
2022-03-04 21:51:23.149318 /data/tweets_corona/geoTwitter20-03-10.zip geoTwitter20-03-10/geoTwitter20-03-10_07:00
2022-03-04 21:51:33.276436 /data/tweets_corona/geoTwitter20-03-10.zip geoTwitter20-03-10/geoTwitter20-03-10_08:00
2022-03-04 21:51:43.557606 /data/tweets_corona/geoTwitter20-03-10.zip geoTwitter20-03-10/geoTwitter20-03-10_09:00
2022-03-04 21:51:55.354467 /data/tweets_corona/geoTwitter20-03-10.zip geoTwitter20-03-10/geoTwitter20-03-10_10:00
2022-03-04 21:52:08.836803 /data/tweets_corona/geoTwitter20-03-10.zip geoTwitter20-03-10/geoTwitter20-03-10_11:00
2022-03-04 21:52:23.853913 /data/tweets_corona/geoTwitter20-03-10.zip geoTwitter20-03-10/geoTwitter20-03-10_12:00
2022-03-04 21:52:39.798724 /data/tweets_corona/geoTwitter20-03-10.zip geoTwitter20-03-10/geoTwitter20-03-10_13:00
2022-03-04 21:52:56.312958 /data/tweets_corona/geoTwitter20-03-10.zip geoTwitter20-03-10/geoTwitter20-03-10_14:00
2022-03-04 21:53:13.241838 /data/tweets_corona/geoTwitter20-03-10.zip geoTwitter20-03-10/geoTwitter20-03-10_15:00
2022-03-04 21:53:30.034287 /data/tweets_corona/geoTwitter20-03-10.zip geoTwitter20-03-10/geoTwitter20-03-10_16:00
2022-03-04 21:53:46.931396 /data/tweets_corona/geoTwitter20-03-10.zip geoTwitter20-03-10/geoTwitter20-03-10_17:00
2022-03-04 21:54:03.792421 /data/tweets_corona/geoTwitter20-03-10.zip geoTwitter20-03-10/geoTwitter20-03-10_18:00
2022-03-04 21:54:20.557106 /data/tweets_corona/geoTwitter20-03-10.zip geoTwitter20-03-10/geoTwitter20-03-10_19:00
2022-03-04 21:54:37.181186 /data/tweets_corona/geoTwitter20-03-10.zip geoTwitter20-03-10/geoTwitter20-03-10_20:00
2022-03-04 21:54:53.918822 /data/tweets_corona/geoTwitter20-03-10.zip geoTwitter20-03-10/geoTwitter20-03-10_21:00
2022-03-04 21:55:10.548044 /data/tweets_corona/geoTwitter20-03-10.zip geoTwitter20-03-10/geoTwitter20-03-10_22:00
2022-03-04 21:55:27.532718 /data/tweets_corona/geoTwitter20-03-10.zip geoTwitter20-03-10/geoTwitter20-03-10_23:00
saving outputs/geoTwitter20-03-10.zip.lang
saving outputs/geoTwitter20-03-10.zip.country
